TpTrace Verbose: 0 : 20084, 1, 2024/05/02, 01:51:00.814, 16352474064816, vstest.console.dll, Version: 17.7.2-release-23423-01 Current process architecture: X64
TpTrace Verbose: 0 : 20084, 1, 2024/05/02, 01:51:00.816, 16352474084836, vstest.console.dll, Runtime location: C:\Program Files\dotnet\shared\Microsoft.NETCore.App\7.0.13
TpTrace Verbose: 0 : 20084, 1, 2024/05/02, 01:51:00.820, 16352474122978, vstest.console.dll, ArtifactProcessingPostProcessModeProcessorExecutor.Initialize: ArtifactProcessingMode.Collect
TpTrace Verbose: 0 : 20084, 1, 2024/05/02, 01:51:00.820, 16352474124795, vstest.console.dll, TestSessionCorrelationIdProcessorModeProcessorExecutor.Initialize: TestSessionCorrelationId '7656_8ee38b3c-dc75-47b9-8453-e7e114fd2141'
TpTrace Information: 0 : 20084, 1, 2024/05/02, 01:51:00.830, 16352474228048, vstest.console.dll, FilePatternParser: The given file C:\Users\DT User\source\repos\SmokeTestAutomation\SmokeTestAutomation\bin\Debug\net6.0\fine-code-coverage\build-output\SmokeTestAutomation.dll is a full path.
TpTrace Verbose: 0 : 20084, 1, 2024/05/02, 01:51:00.838, 16352474308050, vstest.console.dll, TestPluginCache.DiscoverTestExtensions: finding test extensions in assemblies ends with: RuntimeProvider.dll TPluginInfo: Microsoft.VisualStudio.TestPlatform.Common.ExtensionFramework.Utilities.TestRuntimePluginInformation TExtension: Microsoft.VisualStudio.TestPlatform.ObjectModel.Host.ITestRuntimeProvider
TpTrace Verbose: 0 : 20084, 1, 2024/05/02, 01:51:00.839, 16352474311959, vstest.console.dll, TestPluginCache.GetExtensionPaths: Filtered extension paths: 
TpTrace Verbose: 0 : 20084, 1, 2024/05/02, 01:51:00.839, 16352474312983, vstest.console.dll, TestPluginCache.GetExtensionPaths: Added default extension paths: C:\Program Files\dotnet\sdk\7.0.403\Extensions\Microsoft.Diagnostics.NETCore.Client.dll
C:\Program Files\dotnet\sdk\7.0.403\Extensions\Microsoft.TestPlatform.Extensions.BlameDataCollector.dll
C:\Program Files\dotnet\sdk\7.0.403\Extensions\Microsoft.TestPlatform.Extensions.EventLogCollector.dll
C:\Program Files\dotnet\sdk\7.0.403\Extensions\Microsoft.TestPlatform.TestHostRuntimeProvider.dll
C:\Program Files\dotnet\sdk\7.0.403\Extensions\Microsoft.VisualStudio.TestPlatform.Extensions.Html.TestLogger.dll
C:\Program Files\dotnet\sdk\7.0.403\Extensions\Microsoft.VisualStudio.TestPlatform.Extensions.Trx.TestLogger.dll
TpTrace Verbose: 0 : 20084, 1, 2024/05/02, 01:51:00.839, 16352474313505, vstest.console.dll, TestPluginCache.GetExtensionPaths: Added unfilterableExtensionPaths: 
TpTrace Information: 0 : 20084, 1, 2024/05/02, 01:51:00.839, 16352474320856, vstest.console.dll, AssemblyResolver.ctor: Creating AssemblyResolver with searchDirectories C:\Program Files\dotnet\sdk\7.0.403\Extensions,C:\Program Files\dotnet\sdk\7.0.403
TpTrace Verbose: 0 : 20084, 1, 2024/05/02, 01:51:00.841, 16352474340143, vstest.console.dll, TestPluginCache.DiscoverTestExtensions: Discovering the extensions using extension path.
TpTrace Verbose: 0 : 20084, 1, 2024/05/02, 01:51:00.842, 16352474342210, vstest.console.dll, TestPluginCache.GetExtensionPaths: Filtered extension paths: 
TpTrace Verbose: 0 : 20084, 1, 2024/05/02, 01:51:00.842, 16352474342803, vstest.console.dll, TestPluginCache.GetExtensionPaths: Added default extension paths: C:\Program Files\dotnet\sdk\7.0.403\Extensions\Microsoft.Diagnostics.NETCore.Client.dll
C:\Program Files\dotnet\sdk\7.0.403\Extensions\Microsoft.TestPlatform.Extensions.BlameDataCollector.dll
C:\Program Files\dotnet\sdk\7.0.403\Extensions\Microsoft.TestPlatform.Extensions.EventLogCollector.dll
C:\Program Files\dotnet\sdk\7.0.403\Extensions\Microsoft.TestPlatform.TestHostRuntimeProvider.dll
C:\Program Files\dotnet\sdk\7.0.403\Extensions\Microsoft.VisualStudio.TestPlatform.Extensions.Html.TestLogger.dll
C:\Program Files\dotnet\sdk\7.0.403\Extensions\Microsoft.VisualStudio.TestPlatform.Extensions.Trx.TestLogger.dll
TpTrace Verbose: 0 : 20084, 1, 2024/05/02, 01:51:00.842, 16352474343256, vstest.console.dll, TestPluginCache.GetExtensionPaths: Added unfilterableExtensionPaths: 
TpTrace Verbose: 0 : 20084, 1, 2024/05/02, 01:51:00.842, 16352474344420, vstest.console.dll, TestPluginCache.DiscoverTestExtensions: Discovering the extensions using allExtensionPaths: C:\Program Files\dotnet\sdk\7.0.403\Extensions\Microsoft.Diagnostics.NETCore.Client.dll
C:\Program Files\dotnet\sdk\7.0.403\Extensions\Microsoft.TestPlatform.Extensions.BlameDataCollector.dll
C:\Program Files\dotnet\sdk\7.0.403\Extensions\Microsoft.TestPlatform.Extensions.EventLogCollector.dll
C:\Program Files\dotnet\sdk\7.0.403\Extensions\Microsoft.TestPlatform.TestHostRuntimeProvider.dll
C:\Program Files\dotnet\sdk\7.0.403\Extensions\Microsoft.VisualStudio.TestPlatform.Extensions.Html.TestLogger.dll
C:\Program Files\dotnet\sdk\7.0.403\Extensions\Microsoft.VisualStudio.TestPlatform.Extensions.Trx.TestLogger.dll
TpTrace Information: 0 : 20084, 1, 2024/05/02, 01:51:00.842, 16352474346443, vstest.console.dll, AssemblyResolver.AddSearchDirectories: Adding more searchDirectories C:\Program Files\dotnet\sdk\7.0.403\Extensions,C:\Program Files\dotnet\sdk\7.0.403
TpTrace Information: 0 : 20084, 1, 2024/05/02, 01:51:00.842, 16352474347478, vstest.console.dll, AssemblyResolver.AddSearchDirectories: Adding more searchDirectories C:\Program Files\dotnet\sdk\7.0.403\Extensions,C:\Program Files\dotnet\sdk\7.0.403
TpTrace Information: 0 : 20084, 1, 2024/05/02, 01:51:00.842, 16352474347943, vstest.console.dll, AssemblyResolver.AddSearchDirectories: Adding more searchDirectories C:\Program Files\dotnet\sdk\7.0.403\Extensions,C:\Program Files\dotnet\sdk\7.0.403
TpTrace Information: 0 : 20084, 1, 2024/05/02, 01:51:00.842, 16352474348377, vstest.console.dll, AssemblyResolver.AddSearchDirectories: Adding more searchDirectories C:\Program Files\dotnet\sdk\7.0.403\Extensions,C:\Program Files\dotnet\sdk\7.0.403
TpTrace Information: 0 : 20084, 1, 2024/05/02, 01:51:00.842, 16352474348767, vstest.console.dll, AssemblyResolver.AddSearchDirectories: Adding more searchDirectories C:\Program Files\dotnet\sdk\7.0.403\Extensions,C:\Program Files\dotnet\sdk\7.0.403
TpTrace Information: 0 : 20084, 1, 2024/05/02, 01:51:00.842, 16352474349137, vstest.console.dll, AssemblyResolver.AddSearchDirectories: Adding more searchDirectories C:\Program Files\dotnet\sdk\7.0.403\Extensions,C:\Program Files\dotnet\sdk\7.0.403
TpTrace Information: 0 : 20084, 1, 2024/05/02, 01:51:00.843, 16352474353893, vstest.console.dll, AssemblyResolver.OnResolve: Microsoft.Diagnostics.NETCore.Client: Resolving assembly.
TpTrace Information: 0 : 20084, 1, 2024/05/02, 01:51:00.843, 16352474354919, vstest.console.dll, AssemblyResolver.OnResolve: Microsoft.Diagnostics.NETCore.Client: Searching in: 'C:\Program Files\dotnet\sdk\7.0.403\Extensions'.
TpTrace Information: 0 : 20084, 1, 2024/05/02, 01:51:00.856, 16352474489326, vstest.console.dll, AssemblyResolver.OnResolve: Microsoft.Diagnostics.NETCore.Client: Loading assembly 'C:\Program Files\dotnet\sdk\7.0.403\Extensions\Microsoft.Diagnostics.NETCore.Client.dll'.
TpTrace Information: 0 : 20084, 1, 2024/05/02, 01:51:00.857, 16352474500878, vstest.console.dll, AssemblyResolver.OnResolve: Resolved assembly: Microsoft.Diagnostics.NETCore.Client, from path: C:\Program Files\dotnet\sdk\7.0.403\Extensions\Microsoft.Diagnostics.NETCore.Client.dll
TpTrace Verbose: 0 : 20084, 1, 2024/05/02, 01:51:00.859, 16352474516760, vstest.console.dll, MetadataReaderExtensionsHelper: Discovering extensions inside assembly 'Microsoft.Diagnostics.NETCore.Client, Version=0.2.8.21101, Culture=neutral, PublicKeyToken=31bf3856ad364e35' file path 'C:\Program Files\dotnet\sdk\7.0.403\Extensions\Microsoft.Diagnostics.NETCore.Client.dll'
TpTrace Information: 0 : 20084, 1, 2024/05/02, 01:51:00.866, 16352474590656, vstest.console.dll, AssemblyResolver.OnResolve: Microsoft.Bcl.AsyncInterfaces: Resolving assembly.
TpTrace Information: 0 : 20084, 1, 2024/05/02, 01:51:00.867, 16352474592170, vstest.console.dll, AssemblyResolver.OnResolve: Microsoft.Bcl.AsyncInterfaces: Searching in: 'C:\Program Files\dotnet\sdk\7.0.403\Extensions'.
TpTrace Information: 0 : 20084, 1, 2024/05/02, 01:51:00.867, 16352474593343, vstest.console.dll, AssemblyResolver.OnResolve: Microsoft.Bcl.AsyncInterfaces: Assembly path does not exist: 'C:\Program Files\dotnet\sdk\7.0.403\Extensions\Microsoft.Bcl.AsyncInterfaces.dll', returning.
TpTrace Information: 0 : 20084, 1, 2024/05/02, 01:51:00.867, 16352474594748, vstest.console.dll, AssemblyResolver.OnResolve: Microsoft.Bcl.AsyncInterfaces: Assembly path does not exist: 'C:\Program Files\dotnet\sdk\7.0.403\Extensions\Microsoft.Bcl.AsyncInterfaces.exe', returning.
TpTrace Information: 0 : 20084, 1, 2024/05/02, 01:51:00.867, 16352474595232, vstest.console.dll, AssemblyResolver.OnResolve: Microsoft.Bcl.AsyncInterfaces: Searching in: 'C:\Program Files\dotnet\sdk\7.0.403'.
TpTrace Information: 0 : 20084, 1, 2024/05/02, 01:51:00.867, 16352474596171, vstest.console.dll, AssemblyResolver.OnResolve: Microsoft.Bcl.AsyncInterfaces: Assembly path does not exist: 'C:\Program Files\dotnet\sdk\7.0.403\Microsoft.Bcl.AsyncInterfaces.dll', returning.
TpTrace Information: 0 : 20084, 1, 2024/05/02, 01:51:00.867, 16352474596958, vstest.console.dll, AssemblyResolver.OnResolve: Microsoft.Bcl.AsyncInterfaces: Assembly path does not exist: 'C:\Program Files\dotnet\sdk\7.0.403\Microsoft.Bcl.AsyncInterfaces.exe', returning.
TpTrace Information: 0 : 20084, 1, 2024/05/02, 01:51:00.867, 16352474597368, vstest.console.dll, AssemblyResolver.OnResolve: Microsoft.Bcl.AsyncInterfaces: Failed to load assembly.
TpTrace Verbose: 0 : 20084, 1, 2024/05/02, 01:51:00.867, 16352474597838, vstest.console.dll, CurrentDomainAssemblyResolve: Resolving assembly 'Microsoft.Bcl.AsyncInterfaces'.
TpTrace Information: 0 : 20084, 1, 2024/05/02, 01:51:00.867, 16352474598616, vstest.console.dll, AssemblyResolver.OnResolve: Microsoft.Bcl.AsyncInterfaces: Resolving assembly.
TpTrace Information: 0 : 20084, 1, 2024/05/02, 01:51:00.867, 16352474599143, vstest.console.dll, AssemblyResolver.OnResolve: Microsoft.Bcl.AsyncInterfaces: Resolved from cache.
TpTrace Verbose: 0 : 20084, 1, 2024/05/02, 01:51:00.867, 16352474599525, vstest.console.dll, CurrentDomainAssemblyResolve: Resolving assembly 'Microsoft.Bcl.AsyncInterfaces'.
TpTrace Verbose: 0 : 20084, 1, 2024/05/02, 01:51:00.867, 16352474599982, vstest.console.dll, CurrentDomainAssemblyResolve: Failed to resolve assembly 'Microsoft.Bcl.AsyncInterfaces'.
TpTrace Verbose: 0 : 20084, 1, 2024/05/02, 01:51:00.869, 16352474615851, vstest.console.dll, CurrentDomainAssemblyResolve: Failed to resolve assembly 'Microsoft.Bcl.AsyncInterfaces'.
TpTrace Warning: 0 : 20084, 1, 2024/05/02, 01:51:00.883, 16352474761020, vstest.console.dll, TestPluginDiscoverer: Failed to get types from assembly 'Microsoft.Diagnostics.NETCore.Client, Version=0.2.8.21101, Culture=neutral, PublicKeyToken=31bf3856ad364e35'. Error: System.Reflection.ReflectionTypeLoadException: Unable to load one or more of the requested types.
Could not load file or assembly 'Microsoft.Bcl.AsyncInterfaces, Version=1.0.0.0, Culture=neutral, PublicKeyToken=cc7b13ffcd2ddd51'. The system cannot find the file specified.
   at System.Reflection.RuntimeModule.GetTypes(RuntimeModule module)
   at System.Reflection.Assembly.GetTypes()
   at Microsoft.VisualStudio.TestPlatform.Common.ExtensionFramework.TestPluginDiscoverer.GetTestExtensionsFromAssembly[TPluginInfo,TExtension](Assembly assembly, Dictionary`2 pluginInfos, String filePath) in /_/src/Microsoft.TestPlatform.Common/ExtensionFramework/TestPluginDiscoverer.cs:line 158
System.IO.FileNotFoundException: Could not load file or assembly 'Microsoft.Bcl.AsyncInterfaces, Version=1.0.0.0, Culture=neutral, PublicKeyToken=cc7b13ffcd2ddd51'. The system cannot find the file specified.
File name: 'Microsoft.Bcl.AsyncInterfaces, Version=1.0.0.0, Culture=neutral, PublicKeyToken=cc7b13ffcd2ddd51'
 ---> System.IO.FileNotFoundException: Could not load file or assembly 'Microsoft.Bcl.AsyncInterfaces, Culture=neutral, PublicKeyToken=null'. The system cannot find the file specified.
File name: 'Microsoft.Bcl.AsyncInterfaces, Culture=neutral, PublicKeyToken=null'
   at System.Reflection.RuntimeAssembly.InternalLoad(AssemblyName assemblyName, StackCrawlMark& stackMark, AssemblyLoadContext assemblyLoadContext, RuntimeAssembly requestingAssembly, Boolean throwOnFileNotFound)
   at System.Reflection.Assembly.Load(AssemblyName assemblyRef)
   at Microsoft.VisualStudio.TestPlatform.Common.ExtensionFramework.TestPluginCache.CurrentDomainAssemblyResolve(Object sender, AssemblyResolveEventArgs args) in /_/src/Microsoft.TestPlatform.Common/ExtensionFramework/TestPluginCache.cs:line 513
   at System.Runtime.Loader.AssemblyLoadContext.GetFirstResolvedAssemblyFromResolvingEvent(AssemblyName assemblyName)
   at System.Runtime.Loader.AssemblyLoadContext.ResolveUsingEvent(AssemblyName assemblyName)
   at System.Runtime.Loader.AssemblyLoadContext.ResolveUsingResolvingEvent(IntPtr gchManagedAssemblyLoadContext, AssemblyName assemblyName)
TpTrace Warning: 0 : 20084, 1, 2024/05/02, 01:51:00.887, 16352474795717, vstest.console.dll, LoaderExceptions: System.IO.FileNotFoundException: Could not load file or assembly 'Microsoft.Bcl.AsyncInterfaces, Version=1.0.0.0, Culture=neutral, PublicKeyToken=cc7b13ffcd2ddd51'. The system cannot find the file specified.
File name: 'Microsoft.Bcl.AsyncInterfaces, Version=1.0.0.0, Culture=neutral, PublicKeyToken=cc7b13ffcd2ddd51'
 ---> System.IO.FileNotFoundException: Could not load file or assembly 'Microsoft.Bcl.AsyncInterfaces, Culture=neutral, PublicKeyToken=null'. The system cannot find the file specified.
File name: 'Microsoft.Bcl.AsyncInterfaces, Culture=neutral, PublicKeyToken=null'
   at System.Reflection.RuntimeAssembly.InternalLoad(AssemblyName assemblyName, StackCrawlMark& stackMark, AssemblyLoadContext assemblyLoadContext, RuntimeAssembly requestingAssembly, Boolean throwOnFileNotFound)
   at System.Reflection.Assembly.Load(AssemblyName assemblyRef)
   at Microsoft.VisualStudio.TestPlatform.Common.ExtensionFramework.TestPluginCache.CurrentDomainAssemblyResolve(Object sender, AssemblyResolveEventArgs args) in /_/src/Microsoft.TestPlatform.Common/ExtensionFramework/TestPluginCache.cs:line 513
   at System.Runtime.Loader.AssemblyLoadContext.GetFirstResolvedAssemblyFromResolvingEvent(AssemblyName assemblyName)
   at System.Runtime.Loader.AssemblyLoadContext.ResolveUsingEvent(AssemblyName assemblyName)
   at System.Runtime.Loader.AssemblyLoadContext.ResolveUsingResolvingEvent(IntPtr gchManagedAssemblyLoadContext, AssemblyName assemblyName)
TpTrace Information: 0 : 20084, 1, 2024/05/02, 01:51:00.887, 16352474800910, vstest.console.dll, AssemblyResolver.OnResolve: Microsoft.TestPlatform.Extensions.BlameDataCollector: Resolving assembly.
TpTrace Information: 0 : 20084, 1, 2024/05/02, 01:51:00.888, 16352474802490, vstest.console.dll, AssemblyResolver.OnResolve: Microsoft.TestPlatform.Extensions.BlameDataCollector: Searching in: 'C:\Program Files\dotnet\sdk\7.0.403\Extensions'.
TpTrace Information: 0 : 20084, 1, 2024/05/02, 01:51:00.888, 16352474810412, vstest.console.dll, AssemblyResolver.OnResolve: Microsoft.TestPlatform.Extensions.BlameDataCollector: Loading assembly 'C:\Program Files\dotnet\sdk\7.0.403\Extensions\Microsoft.TestPlatform.Extensions.BlameDataCollector.dll'.
TpTrace Information: 0 : 20084, 1, 2024/05/02, 01:51:00.889, 16352474819599, vstest.console.dll, AssemblyResolver.OnResolve: Resolved assembly: Microsoft.TestPlatform.Extensions.BlameDataCollector, from path: C:\Program Files\dotnet\sdk\7.0.403\Extensions\Microsoft.TestPlatform.Extensions.BlameDataCollector.dll
TpTrace Verbose: 0 : 20084, 1, 2024/05/02, 01:51:00.889, 16352474821082, vstest.console.dll, MetadataReaderExtensionsHelper: Discovering extensions inside assembly 'Microsoft.TestPlatform.Extensions.BlameDataCollector, Version=15.0.0.0, Culture=neutral, PublicKeyToken=b03f5f7f11d50a3a' file path 'C:\Program Files\dotnet\sdk\7.0.403\Extensions\Microsoft.TestPlatform.Extensions.BlameDataCollector.dll'
TpTrace Information: 0 : 20084, 1, 2024/05/02, 01:51:00.892, 16352474841919, vstest.console.dll, AssemblyResolver.OnResolve: Microsoft.TestPlatform.Extensions.EventLogCollector: Resolving assembly.
TpTrace Information: 0 : 20084, 1, 2024/05/02, 01:51:00.892, 16352474843126, vstest.console.dll, AssemblyResolver.OnResolve: Microsoft.TestPlatform.Extensions.EventLogCollector: Searching in: 'C:\Program Files\dotnet\sdk\7.0.403\Extensions'.
TpTrace Information: 0 : 20084, 1, 2024/05/02, 01:51:00.893, 16352474852847, vstest.console.dll, AssemblyResolver.OnResolve: Microsoft.TestPlatform.Extensions.EventLogCollector: Loading assembly 'C:\Program Files\dotnet\sdk\7.0.403\Extensions\Microsoft.TestPlatform.Extensions.EventLogCollector.dll'.
TpTrace Information: 0 : 20084, 1, 2024/05/02, 01:51:00.893, 16352474861043, vstest.console.dll, AssemblyResolver.OnResolve: Resolved assembly: Microsoft.TestPlatform.Extensions.EventLogCollector, from path: C:\Program Files\dotnet\sdk\7.0.403\Extensions\Microsoft.TestPlatform.Extensions.EventLogCollector.dll
TpTrace Verbose: 0 : 20084, 1, 2024/05/02, 01:51:00.894, 16352474862313, vstest.console.dll, MetadataReaderExtensionsHelper: Discovering extensions inside assembly 'Microsoft.TestPlatform.Extensions.EventLogCollector, Version=15.0.0.0, Culture=neutral, PublicKeyToken=b03f5f7f11d50a3a' file path 'C:\Program Files\dotnet\sdk\7.0.403\Extensions\Microsoft.TestPlatform.Extensions.EventLogCollector.dll'
TpTrace Information: 0 : 20084, 1, 2024/05/02, 01:51:00.897, 16352474900494, vstest.console.dll, AssemblyResolver.OnResolve: Microsoft.TestPlatform.TestHostRuntimeProvider: Resolving assembly.
TpTrace Information: 0 : 20084, 1, 2024/05/02, 01:51:00.898, 16352474902340, vstest.console.dll, AssemblyResolver.OnResolve: Microsoft.TestPlatform.TestHostRuntimeProvider: Searching in: 'C:\Program Files\dotnet\sdk\7.0.403\Extensions'.
TpTrace Information: 0 : 20084, 1, 2024/05/02, 01:51:00.898, 16352474910039, vstest.console.dll, AssemblyResolver.OnResolve: Microsoft.TestPlatform.TestHostRuntimeProvider: Loading assembly 'C:\Program Files\dotnet\sdk\7.0.403\Extensions\Microsoft.TestPlatform.TestHostRuntimeProvider.dll'.
TpTrace Information: 0 : 20084, 1, 2024/05/02, 01:51:00.899, 16352474918425, vstest.console.dll, AssemblyResolver.OnResolve: Resolved assembly: Microsoft.TestPlatform.TestHostRuntimeProvider, from path: C:\Program Files\dotnet\sdk\7.0.403\Extensions\Microsoft.TestPlatform.TestHostRuntimeProvider.dll
TpTrace Verbose: 0 : 20084, 1, 2024/05/02, 01:51:00.899, 16352474920007, vstest.console.dll, MetadataReaderExtensionsHelper: Discovering extensions inside assembly 'Microsoft.TestPlatform.TestHostRuntimeProvider, Version=15.0.0.0, Culture=neutral, PublicKeyToken=b03f5f7f11d50a3a' file path 'C:\Program Files\dotnet\sdk\7.0.403\Extensions\Microsoft.TestPlatform.TestHostRuntimeProvider.dll'
TpTrace Information: 0 : 20084, 1, 2024/05/02, 01:51:00.902, 16352474947641, vstest.console.dll, GetTestExtensionFromType: Register extension with identifier data 'HostProvider://DefaultTestHost' and type 'Microsoft.VisualStudio.TestPlatform.CrossPlatEngine.Hosting.DefaultTestHostManager, Microsoft.TestPlatform.TestHostRuntimeProvider, Version=15.0.0.0, Culture=neutral, PublicKeyToken=b03f5f7f11d50a3a' inside file 'C:\Program Files\dotnet\sdk\7.0.403\Extensions\Microsoft.TestPlatform.TestHostRuntimeProvider.dll'
TpTrace Information: 0 : 20084, 1, 2024/05/02, 01:51:00.902, 16352474950696, vstest.console.dll, GetTestExtensionFromType: Register extension with identifier data 'HostProvider://DotnetTestHost' and type 'Microsoft.VisualStudio.TestPlatform.CrossPlatEngine.Hosting.DotnetTestHostManager, Microsoft.TestPlatform.TestHostRuntimeProvider, Version=15.0.0.0, Culture=neutral, PublicKeyToken=b03f5f7f11d50a3a' inside file 'C:\Program Files\dotnet\sdk\7.0.403\Extensions\Microsoft.TestPlatform.TestHostRuntimeProvider.dll'
TpTrace Information: 0 : 20084, 1, 2024/05/02, 01:51:00.903, 16352474951830, vstest.console.dll, AssemblyResolver.OnResolve: Microsoft.VisualStudio.TestPlatform.Extensions.Html.TestLogger: Resolving assembly.
TpTrace Information: 0 : 20084, 1, 2024/05/02, 01:51:00.903, 16352474952517, vstest.console.dll, AssemblyResolver.OnResolve: Microsoft.VisualStudio.TestPlatform.Extensions.Html.TestLogger: Searching in: 'C:\Program Files\dotnet\sdk\7.0.403\Extensions'.
TpTrace Information: 0 : 20084, 1, 2024/05/02, 01:51:00.904, 16352474961847, vstest.console.dll, AssemblyResolver.OnResolve: Microsoft.VisualStudio.TestPlatform.Extensions.Html.TestLogger: Loading assembly 'C:\Program Files\dotnet\sdk\7.0.403\Extensions\Microsoft.VisualStudio.TestPlatform.Extensions.Html.TestLogger.dll'.
TpTrace Information: 0 : 20084, 1, 2024/05/02, 01:51:00.904, 16352474969059, vstest.console.dll, AssemblyResolver.OnResolve: Resolved assembly: Microsoft.VisualStudio.TestPlatform.Extensions.Html.TestLogger, from path: C:\Program Files\dotnet\sdk\7.0.403\Extensions\Microsoft.VisualStudio.TestPlatform.Extensions.Html.TestLogger.dll
TpTrace Verbose: 0 : 20084, 1, 2024/05/02, 01:51:00.904, 16352474970164, vstest.console.dll, MetadataReaderExtensionsHelper: Discovering extensions inside assembly 'Microsoft.VisualStudio.TestPlatform.Extensions.Html.TestLogger, Version=15.0.0.0, Culture=neutral, PublicKeyToken=b03f5f7f11d50a3a' file path 'C:\Program Files\dotnet\sdk\7.0.403\Extensions\Microsoft.VisualStudio.TestPlatform.Extensions.Html.TestLogger.dll'
TpTrace Information: 0 : 20084, 1, 2024/05/02, 01:51:00.906, 16352474983250, vstest.console.dll, AssemblyResolver.OnResolve: Microsoft.VisualStudio.TestPlatform.Extensions.Trx.TestLogger: Resolving assembly.
TpTrace Information: 0 : 20084, 1, 2024/05/02, 01:51:00.906, 16352474984403, vstest.console.dll, AssemblyResolver.OnResolve: Microsoft.VisualStudio.TestPlatform.Extensions.Trx.TestLogger: Searching in: 'C:\Program Files\dotnet\sdk\7.0.403\Extensions'.
TpTrace Information: 0 : 20084, 1, 2024/05/02, 01:51:00.906, 16352474990935, vstest.console.dll, AssemblyResolver.OnResolve: Microsoft.VisualStudio.TestPlatform.Extensions.Trx.TestLogger: Loading assembly 'C:\Program Files\dotnet\sdk\7.0.403\Extensions\Microsoft.VisualStudio.TestPlatform.Extensions.Trx.TestLogger.dll'.
TpTrace Information: 0 : 20084, 1, 2024/05/02, 01:51:00.907, 16352474998729, vstest.console.dll, AssemblyResolver.OnResolve: Resolved assembly: Microsoft.VisualStudio.TestPlatform.Extensions.Trx.TestLogger, from path: C:\Program Files\dotnet\sdk\7.0.403\Extensions\Microsoft.VisualStudio.TestPlatform.Extensions.Trx.TestLogger.dll
TpTrace Verbose: 0 : 20084, 1, 2024/05/02, 01:51:00.907, 16352475000015, vstest.console.dll, MetadataReaderExtensionsHelper: Discovering extensions inside assembly 'Microsoft.VisualStudio.TestPlatform.Extensions.Trx.TestLogger, Version=15.0.0.0, Culture=neutral, PublicKeyToken=b03f5f7f11d50a3a' file path 'C:\Program Files\dotnet\sdk\7.0.403\Extensions\Microsoft.VisualStudio.TestPlatform.Extensions.Trx.TestLogger.dll'
TpTrace Verbose: 0 : 20084, 1, 2024/05/02, 01:51:00.909, 16352475019502, vstest.console.dll, TestPluginCache: Discovered the extensions using extension path ''.
TpTrace Verbose: 0 : 20084, 1, 2024/05/02, 01:51:00.909, 16352475020639, vstest.console.dll, TestPluginCache: Discoverers are ''.
TpTrace Verbose: 0 : 20084, 1, 2024/05/02, 01:51:00.909, 16352475021055, vstest.console.dll, TestPluginCache: Executors are ''.
TpTrace Verbose: 0 : 20084, 1, 2024/05/02, 01:51:00.910, 16352475021509, vstest.console.dll, TestPluginCache: Executors2 are ''.
TpTrace Verbose: 0 : 20084, 1, 2024/05/02, 01:51:00.910, 16352475021918, vstest.console.dll, TestPluginCache: Setting providers are ''.
TpTrace Verbose: 0 : 20084, 1, 2024/05/02, 01:51:00.910, 16352475022262, vstest.console.dll, TestPluginCache: Loggers are ''.
TpTrace Verbose: 0 : 20084, 1, 2024/05/02, 01:51:00.910, 16352475023152, vstest.console.dll, TestPluginCache: TestHosts are 'HostProvider://DefaultTestHost,HostProvider://DotnetTestHost'.
TpTrace Verbose: 0 : 20084, 1, 2024/05/02, 01:51:00.910, 16352475023606, vstest.console.dll, TestPluginCache: DataCollectors are ''.
TpTrace Information: 0 : 20084, 1, 2024/05/02, 01:51:00.924, 16352475164916, vstest.console.dll, RunTestsArgumentProcessor:Execute: Test run is starting.
TpTrace Verbose: 0 : 20084, 1, 2024/05/02, 01:51:00.924, 16352475166189, vstest.console.dll, RunTestsArgumentProcessor:Execute: Queuing Test run.
TpTrace Information: 0 : 20084, 1, 2024/05/02, 01:51:00.924, 16352475170737, vstest.console.dll, TestRequestManager.RunTests: run tests started.
TpTrace Information: 0 : 20084, 1, 2024/05/02, 01:51:00.926, 16352475186251, vstest.console.dll, AssemblyMetadataProvider.GetFrameworkName: Determined framework:'.NETCoreApp,Version=v6.0' for source: 'C:\Users\DT User\source\repos\SmokeTestAutomation\SmokeTestAutomation\bin\Debug\net6.0\fine-code-coverage\build-output\SmokeTestAutomation.dll'
TpTrace Information: 0 : 20084, 1, 2024/05/02, 01:51:00.926, 16352475188399, vstest.console.dll, Determined framework for all sources: .NETCoreApp,Version=v6.0
TpTrace Verbose: 0 : 20084, 1, 2024/05/02, 01:51:00.927, 16352475193267, vstest.console.dll, TestRequestManager.UpdateRunSettingsIfRequired: Default architecture: X64 IsDefaultTargetArchitecture: True, Current process architecture: X64 OperatingSystem: Windows.
TpTrace Information: 0 : 20084, 1, 2024/05/02, 01:51:00.929, 16352475214689, vstest.console.dll, AssemblyMetadataProvider.GetArchitecture: Determined architecture:AnyCPU info for assembly: C:\Users\DT User\source\repos\SmokeTestAutomation\SmokeTestAutomation\bin\Debug\net6.0\fine-code-coverage\build-output\SmokeTestAutomation.dll
TpTrace Information: 0 : 20084, 1, 2024/05/02, 01:51:00.929, 16352475215501, vstest.console.dll, Determined platform for source 'C:\Users\DT User\source\repos\SmokeTestAutomation\SmokeTestAutomation\bin\Debug\net6.0\fine-code-coverage\build-output\SmokeTestAutomation.dll' was AnyCPU and it will use the default plaform X64.
TpTrace Information: 0 : 20084, 1, 2024/05/02, 01:51:00.929, 16352475215929, vstest.console.dll, None of the sources provided any runnable platform, using the default platform: X64
TpTrace Information: 0 : 20084, 1, 2024/05/02, 01:51:00.929, 16352475216985, vstest.console.dll, Platform was updated to 'X64'.
TpTrace Information: 0 : 20084, 1, 2024/05/02, 01:51:00.933, 16352475256148, vstest.console.dll, InferRunSettingsHelper.IsTestSettingsEnabled: Unable to navigate to RunSettings/MSTest. Current node: RunSettings
TpTrace Information: 0 : 20084, 1, 2024/05/02, 01:51:00.934, 16352475263215, vstest.console.dll, AssemblyResolver.OnResolve: Microsoft.VisualStudio.TestPlatform.Fakes: Resolving assembly.
TpTrace Information: 0 : 20084, 1, 2024/05/02, 01:51:00.934, 16352475264199, vstest.console.dll, AssemblyResolver.OnResolve: Microsoft.VisualStudio.TestPlatform.Fakes: Searching in: 'C:\Program Files\dotnet\sdk\7.0.403\Extensions'.
TpTrace Information: 0 : 20084, 1, 2024/05/02, 01:51:00.934, 16352475265471, vstest.console.dll, AssemblyResolver.OnResolve: Microsoft.VisualStudio.TestPlatform.Fakes: Assembly path does not exist: 'C:\Program Files\dotnet\sdk\7.0.403\Extensions\Microsoft.VisualStudio.TestPlatform.Fakes.dll', returning.
TpTrace Information: 0 : 20084, 1, 2024/05/02, 01:51:00.934, 16352475266341, vstest.console.dll, AssemblyResolver.OnResolve: Microsoft.VisualStudio.TestPlatform.Fakes: Assembly path does not exist: 'C:\Program Files\dotnet\sdk\7.0.403\Extensions\Microsoft.VisualStudio.TestPlatform.Fakes.exe', returning.
TpTrace Information: 0 : 20084, 1, 2024/05/02, 01:51:00.934, 16352475266794, vstest.console.dll, AssemblyResolver.OnResolve: Microsoft.VisualStudio.TestPlatform.Fakes: Searching in: 'C:\Program Files\dotnet\sdk\7.0.403'.
TpTrace Information: 0 : 20084, 1, 2024/05/02, 01:51:00.934, 16352475267589, vstest.console.dll, AssemblyResolver.OnResolve: Microsoft.VisualStudio.TestPlatform.Fakes: Assembly path does not exist: 'C:\Program Files\dotnet\sdk\7.0.403\Microsoft.VisualStudio.TestPlatform.Fakes.dll', returning.
TpTrace Information: 0 : 20084, 1, 2024/05/02, 01:51:00.934, 16352475268462, vstest.console.dll, AssemblyResolver.OnResolve: Microsoft.VisualStudio.TestPlatform.Fakes: Assembly path does not exist: 'C:\Program Files\dotnet\sdk\7.0.403\Microsoft.VisualStudio.TestPlatform.Fakes.exe', returning.
TpTrace Information: 0 : 20084, 1, 2024/05/02, 01:51:00.934, 16352475268934, vstest.console.dll, AssemblyResolver.OnResolve: Microsoft.VisualStudio.TestPlatform.Fakes: Failed to load assembly.
TpTrace Information: 0 : 20084, 1, 2024/05/02, 01:51:00.935, 16352475271918, vstest.console.dll, Failed to load assembly Microsoft.VisualStudio.TestPlatform.Fakes, Version=17.0.0.0, Culture=neutral. Reason:System.IO.FileNotFoundException: Could not load file or assembly 'Microsoft.VisualStudio.TestPlatform.Fakes, Version=17.0.0.0, Culture=neutral, PublicKeyToken=null'. The system cannot find the file specified.
File name: 'Microsoft.VisualStudio.TestPlatform.Fakes, Version=17.0.0.0, Culture=neutral, PublicKeyToken=null'
   at System.Reflection.RuntimeAssembly.InternalLoad(AssemblyName assemblyName, StackCrawlMark& stackMark, AssemblyLoadContext assemblyLoadContext, RuntimeAssembly requestingAssembly, Boolean throwOnFileNotFound)
   at System.Reflection.Assembly.Load(AssemblyName assemblyRef)
   at Microsoft.VisualStudio.TestPlatform.Common.Utilities.FakesUtilities.LoadTestPlatformAssembly() in /_/src/Microsoft.TestPlatform.Common/Utilities/FakesUtilities.cs:line 272
TpTrace Verbose: 0 : 20084, 1, 2024/05/02, 01:51:00.939, 16352475311811, vstest.console.dll, TestPluginCache.DiscoverTestExtensions: finding test extensions in assemblies ends with: TestLogger.dll TPluginInfo: Microsoft.VisualStudio.TestPlatform.Common.ExtensionFramework.Utilities.TestLoggerPluginInformation TExtension: Microsoft.VisualStudio.TestPlatform.ObjectModel.Client.ITestLogger
TpTrace Verbose: 0 : 20084, 1, 2024/05/02, 01:51:00.939, 16352475313164, vstest.console.dll, TestPluginCache.GetExtensionPaths: Filtered extension paths: 
TpTrace Verbose: 0 : 20084, 1, 2024/05/02, 01:51:00.939, 16352475313656, vstest.console.dll, TestPluginCache.GetExtensionPaths: Added default extension paths: C:\Program Files\dotnet\sdk\7.0.403\Extensions\Microsoft.Diagnostics.NETCore.Client.dll
C:\Program Files\dotnet\sdk\7.0.403\Extensions\Microsoft.TestPlatform.Extensions.BlameDataCollector.dll
C:\Program Files\dotnet\sdk\7.0.403\Extensions\Microsoft.TestPlatform.Extensions.EventLogCollector.dll
C:\Program Files\dotnet\sdk\7.0.403\Extensions\Microsoft.TestPlatform.TestHostRuntimeProvider.dll
C:\Program Files\dotnet\sdk\7.0.403\Extensions\Microsoft.VisualStudio.TestPlatform.Extensions.Html.TestLogger.dll
C:\Program Files\dotnet\sdk\7.0.403\Extensions\Microsoft.VisualStudio.TestPlatform.Extensions.Trx.TestLogger.dll
TpTrace Verbose: 0 : 20084, 1, 2024/05/02, 01:51:00.939, 16352475314064, vstest.console.dll, TestPluginCache.GetExtensionPaths: Added unfilterableExtensionPaths: 
TpTrace Information: 0 : 20084, 1, 2024/05/02, 01:51:00.939, 16352475316058, vstest.console.dll, AssemblyResolver.AddSearchDirectories: Adding more searchDirectories C:\Program Files\dotnet\sdk\7.0.403\Extensions,C:\Program Files\dotnet\sdk\7.0.403
TpTrace Verbose: 0 : 20084, 1, 2024/05/02, 01:51:00.939, 16352475316643, vstest.console.dll, TestPluginCache.DiscoverTestExtensions: Discovering the extensions using extension path.
TpTrace Verbose: 0 : 20084, 1, 2024/05/02, 01:51:00.939, 16352475317092, vstest.console.dll, TestPluginCache.GetExtensionPaths: Filtered extension paths: 
TpTrace Verbose: 0 : 20084, 1, 2024/05/02, 01:51:00.939, 16352475317485, vstest.console.dll, TestPluginCache.GetExtensionPaths: Added default extension paths: C:\Program Files\dotnet\sdk\7.0.403\Extensions\Microsoft.Diagnostics.NETCore.Client.dll
C:\Program Files\dotnet\sdk\7.0.403\Extensions\Microsoft.TestPlatform.Extensions.BlameDataCollector.dll
C:\Program Files\dotnet\sdk\7.0.403\Extensions\Microsoft.TestPlatform.Extensions.EventLogCollector.dll
C:\Program Files\dotnet\sdk\7.0.403\Extensions\Microsoft.TestPlatform.TestHostRuntimeProvider.dll
C:\Program Files\dotnet\sdk\7.0.403\Extensions\Microsoft.VisualStudio.TestPlatform.Extensions.Html.TestLogger.dll
C:\Program Files\dotnet\sdk\7.0.403\Extensions\Microsoft.VisualStudio.TestPlatform.Extensions.Trx.TestLogger.dll
TpTrace Verbose: 0 : 20084, 1, 2024/05/02, 01:51:00.939, 16352475317869, vstest.console.dll, TestPluginCache.GetExtensionPaths: Added unfilterableExtensionPaths: 
TpTrace Verbose: 0 : 20084, 1, 2024/05/02, 01:51:00.939, 16352475318798, vstest.console.dll, TestPluginCache.DiscoverTestExtensions: Discovering the extensions using allExtensionPaths: C:\Program Files\dotnet\sdk\7.0.403\Extensions\Microsoft.Diagnostics.NETCore.Client.dll
C:\Program Files\dotnet\sdk\7.0.403\Extensions\Microsoft.TestPlatform.Extensions.BlameDataCollector.dll
C:\Program Files\dotnet\sdk\7.0.403\Extensions\Microsoft.TestPlatform.Extensions.EventLogCollector.dll
C:\Program Files\dotnet\sdk\7.0.403\Extensions\Microsoft.TestPlatform.TestHostRuntimeProvider.dll
C:\Program Files\dotnet\sdk\7.0.403\Extensions\Microsoft.VisualStudio.TestPlatform.Extensions.Html.TestLogger.dll
C:\Program Files\dotnet\sdk\7.0.403\Extensions\Microsoft.VisualStudio.TestPlatform.Extensions.Trx.TestLogger.dll
TpTrace Information: 0 : 20084, 1, 2024/05/02, 01:51:00.939, 16352475319447, vstest.console.dll, AssemblyResolver.AddSearchDirectories: Adding more searchDirectories C:\Program Files\dotnet\sdk\7.0.403\Extensions,C:\Program Files\dotnet\sdk\7.0.403
TpTrace Information: 0 : 20084, 1, 2024/05/02, 01:51:00.939, 16352475319923, vstest.console.dll, AssemblyResolver.AddSearchDirectories: Adding more searchDirectories C:\Program Files\dotnet\sdk\7.0.403\Extensions,C:\Program Files\dotnet\sdk\7.0.403
TpTrace Information: 0 : 20084, 1, 2024/05/02, 01:51:00.939, 16352475320328, vstest.console.dll, AssemblyResolver.AddSearchDirectories: Adding more searchDirectories C:\Program Files\dotnet\sdk\7.0.403\Extensions,C:\Program Files\dotnet\sdk\7.0.403
TpTrace Information: 0 : 20084, 1, 2024/05/02, 01:51:00.939, 16352475320726, vstest.console.dll, AssemblyResolver.AddSearchDirectories: Adding more searchDirectories C:\Program Files\dotnet\sdk\7.0.403\Extensions,C:\Program Files\dotnet\sdk\7.0.403
TpTrace Information: 0 : 20084, 1, 2024/05/02, 01:51:00.939, 16352475321132, vstest.console.dll, AssemblyResolver.AddSearchDirectories: Adding more searchDirectories C:\Program Files\dotnet\sdk\7.0.403\Extensions,C:\Program Files\dotnet\sdk\7.0.403
TpTrace Information: 0 : 20084, 1, 2024/05/02, 01:51:00.940, 16352475321690, vstest.console.dll, AssemblyResolver.AddSearchDirectories: Adding more searchDirectories C:\Program Files\dotnet\sdk\7.0.403\Extensions,C:\Program Files\dotnet\sdk\7.0.403
TpTrace Verbose: 0 : 20084, 1, 2024/05/02, 01:51:00.940, 16352475323062, vstest.console.dll, MetadataReaderExtensionsHelper: Discovering extensions inside assembly 'Microsoft.Diagnostics.NETCore.Client, Version=0.2.8.21101, Culture=neutral, PublicKeyToken=31bf3856ad364e35' file path 'C:\Program Files\dotnet\sdk\7.0.403\Extensions\Microsoft.Diagnostics.NETCore.Client.dll'
TpTrace Information: 0 : 20084, 1, 2024/05/02, 01:51:00.941, 16352475331900, vstest.console.dll, AssemblyResolver.OnResolve: Microsoft.Bcl.AsyncInterfaces: Resolving assembly.
TpTrace Information: 0 : 20084, 1, 2024/05/02, 01:51:00.941, 16352475332672, vstest.console.dll, AssemblyResolver.OnResolve: Microsoft.Bcl.AsyncInterfaces: Resolved from cache.
TpTrace Verbose: 0 : 20084, 1, 2024/05/02, 01:51:00.941, 16352475333084, vstest.console.dll, CurrentDomainAssemblyResolve: Resolving assembly 'Microsoft.Bcl.AsyncInterfaces'.
TpTrace Information: 0 : 20084, 1, 2024/05/02, 01:51:00.941, 16352475333646, vstest.console.dll, AssemblyResolver.OnResolve: Microsoft.Bcl.AsyncInterfaces: Resolving assembly.
TpTrace Information: 0 : 20084, 1, 2024/05/02, 01:51:00.941, 16352475334047, vstest.console.dll, AssemblyResolver.OnResolve: Microsoft.Bcl.AsyncInterfaces: Resolved from cache.
TpTrace Verbose: 0 : 20084, 1, 2024/05/02, 01:51:00.941, 16352475334412, vstest.console.dll, CurrentDomainAssemblyResolve: Resolving assembly 'Microsoft.Bcl.AsyncInterfaces'.
TpTrace Verbose: 0 : 20084, 1, 2024/05/02, 01:51:00.941, 16352475334763, vstest.console.dll, CurrentDomainAssemblyResolve: Failed to resolve assembly 'Microsoft.Bcl.AsyncInterfaces'.
TpTrace Verbose: 0 : 20084, 1, 2024/05/02, 01:51:00.941, 16352475336351, vstest.console.dll, CurrentDomainAssemblyResolve: Failed to resolve assembly 'Microsoft.Bcl.AsyncInterfaces'.
TpTrace Warning: 0 : 20084, 1, 2024/05/02, 01:51:00.941, 16352475340700, vstest.console.dll, TestPluginDiscoverer: Failed to get types from assembly 'Microsoft.Diagnostics.NETCore.Client, Version=0.2.8.21101, Culture=neutral, PublicKeyToken=31bf3856ad364e35'. Error: System.Reflection.ReflectionTypeLoadException: Unable to load one or more of the requested types.
Could not load file or assembly 'Microsoft.Bcl.AsyncInterfaces, Version=1.0.0.0, Culture=neutral, PublicKeyToken=cc7b13ffcd2ddd51'. The system cannot find the file specified.
   at System.Reflection.RuntimeModule.GetTypes(RuntimeModule module)
   at System.Reflection.Assembly.GetTypes()
   at Microsoft.VisualStudio.TestPlatform.Common.ExtensionFramework.TestPluginDiscoverer.GetTestExtensionsFromAssembly[TPluginInfo,TExtension](Assembly assembly, Dictionary`2 pluginInfos, String filePath) in /_/src/Microsoft.TestPlatform.Common/ExtensionFramework/TestPluginDiscoverer.cs:line 158
System.IO.FileNotFoundException: Could not load file or assembly 'Microsoft.Bcl.AsyncInterfaces, Version=1.0.0.0, Culture=neutral, PublicKeyToken=cc7b13ffcd2ddd51'. The system cannot find the file specified.
File name: 'Microsoft.Bcl.AsyncInterfaces, Version=1.0.0.0, Culture=neutral, PublicKeyToken=cc7b13ffcd2ddd51'
 ---> System.IO.FileNotFoundException: Could not load file or assembly 'Microsoft.Bcl.AsyncInterfaces, Culture=neutral, PublicKeyToken=null'. The system cannot find the file specified.
File name: 'Microsoft.Bcl.AsyncInterfaces, Culture=neutral, PublicKeyToken=null'
   at System.Reflection.RuntimeAssembly.InternalLoad(AssemblyName assemblyName, StackCrawlMark& stackMark, AssemblyLoadContext assemblyLoadContext, RuntimeAssembly requestingAssembly, Boolean throwOnFileNotFound)
   at System.Reflection.Assembly.Load(AssemblyName assemblyRef)
   at Microsoft.VisualStudio.TestPlatform.Common.ExtensionFramework.TestPluginCache.CurrentDomainAssemblyResolve(Object sender, AssemblyResolveEventArgs args) in /_/src/Microsoft.TestPlatform.Common/ExtensionFramework/TestPluginCache.cs:line 513
   at System.Runtime.Loader.AssemblyLoadContext.GetFirstResolvedAssemblyFromResolvingEvent(AssemblyName assemblyName)
   at System.Runtime.Loader.AssemblyLoadContext.ResolveUsingEvent(AssemblyName assemblyName)
   at System.Runtime.Loader.AssemblyLoadContext.ResolveUsingResolvingEvent(IntPtr gchManagedAssemblyLoadContext, AssemblyName assemblyName)
TpTrace Warning: 0 : 20084, 1, 2024/05/02, 01:51:00.942, 16352475342507, vstest.console.dll, LoaderExceptions: System.IO.FileNotFoundException: Could not load file or assembly 'Microsoft.Bcl.AsyncInterfaces, Version=1.0.0.0, Culture=neutral, PublicKeyToken=cc7b13ffcd2ddd51'. The system cannot find the file specified.
File name: 'Microsoft.Bcl.AsyncInterfaces, Version=1.0.0.0, Culture=neutral, PublicKeyToken=cc7b13ffcd2ddd51'
 ---> System.IO.FileNotFoundException: Could not load file or assembly 'Microsoft.Bcl.AsyncInterfaces, Culture=neutral, PublicKeyToken=null'. The system cannot find the file specified.
File name: 'Microsoft.Bcl.AsyncInterfaces, Culture=neutral, PublicKeyToken=null'
   at System.Reflection.RuntimeAssembly.InternalLoad(AssemblyName assemblyName, StackCrawlMark& stackMark, AssemblyLoadContext assemblyLoadContext, RuntimeAssembly requestingAssembly, Boolean throwOnFileNotFound)
   at System.Reflection.Assembly.Load(AssemblyName assemblyRef)
   at Microsoft.VisualStudio.TestPlatform.Common.ExtensionFramework.TestPluginCache.CurrentDomainAssemblyResolve(Object sender, AssemblyResolveEventArgs args) in /_/src/Microsoft.TestPlatform.Common/ExtensionFramework/TestPluginCache.cs:line 513
   at System.Runtime.Loader.AssemblyLoadContext.GetFirstResolvedAssemblyFromResolvingEvent(AssemblyName assemblyName)
   at System.Runtime.Loader.AssemblyLoadContext.ResolveUsingEvent(AssemblyName assemblyName)
   at System.Runtime.Loader.AssemblyLoadContext.ResolveUsingResolvingEvent(IntPtr gchManagedAssemblyLoadContext, AssemblyName assemblyName)
TpTrace Verbose: 0 : 20084, 1, 2024/05/02, 01:51:00.942, 16352475343885, vstest.console.dll, MetadataReaderExtensionsHelper: Discovering extensions inside assembly 'Microsoft.TestPlatform.Extensions.BlameDataCollector, Version=15.0.0.0, Culture=neutral, PublicKeyToken=b03f5f7f11d50a3a' file path 'C:\Program Files\dotnet\sdk\7.0.403\Extensions\Microsoft.TestPlatform.Extensions.BlameDataCollector.dll'
TpTrace Information: 0 : 20084, 1, 2024/05/02, 01:51:00.943, 16352475352435, vstest.console.dll, GetTestExtensionFromType: Register extension with identifier data 'logger://Microsoft/TestPlatform/Extensions/Blame/v1' and type 'Microsoft.TestPlatform.Extensions.BlameDataCollector.BlameLogger, Microsoft.TestPlatform.Extensions.BlameDataCollector, Version=15.0.0.0, Culture=neutral, PublicKeyToken=b03f5f7f11d50a3a' inside file 'C:\Program Files\dotnet\sdk\7.0.403\Extensions\Microsoft.TestPlatform.Extensions.BlameDataCollector.dll'
TpTrace Verbose: 0 : 20084, 1, 2024/05/02, 01:51:00.943, 16352475353415, vstest.console.dll, MetadataReaderExtensionsHelper: Discovering extensions inside assembly 'Microsoft.TestPlatform.Extensions.EventLogCollector, Version=15.0.0.0, Culture=neutral, PublicKeyToken=b03f5f7f11d50a3a' file path 'C:\Program Files\dotnet\sdk\7.0.403\Extensions\Microsoft.TestPlatform.Extensions.EventLogCollector.dll'
TpTrace Verbose: 0 : 20084, 1, 2024/05/02, 01:51:00.943, 16352475358983, vstest.console.dll, MetadataReaderExtensionsHelper: Discovering extensions inside assembly 'Microsoft.TestPlatform.TestHostRuntimeProvider, Version=15.0.0.0, Culture=neutral, PublicKeyToken=b03f5f7f11d50a3a' file path 'C:\Program Files\dotnet\sdk\7.0.403\Extensions\Microsoft.TestPlatform.TestHostRuntimeProvider.dll'
TpTrace Verbose: 0 : 20084, 1, 2024/05/02, 01:51:00.944, 16352475366703, vstest.console.dll, MetadataReaderExtensionsHelper: Discovering extensions inside assembly 'Microsoft.VisualStudio.TestPlatform.Extensions.Html.TestLogger, Version=15.0.0.0, Culture=neutral, PublicKeyToken=b03f5f7f11d50a3a' file path 'C:\Program Files\dotnet\sdk\7.0.403\Extensions\Microsoft.VisualStudio.TestPlatform.Extensions.Html.TestLogger.dll'
TpTrace Information: 0 : 20084, 1, 2024/05/02, 01:51:00.945, 16352475376972, vstest.console.dll, GetTestExtensionFromType: Register extension with identifier data 'logger://Microsoft/TestPlatform/HtmlLogger/v1' and type 'Microsoft.VisualStudio.TestPlatform.Extensions.HtmlLogger.HtmlLogger, Microsoft.VisualStudio.TestPlatform.Extensions.Html.TestLogger, Version=15.0.0.0, Culture=neutral, PublicKeyToken=b03f5f7f11d50a3a' inside file 'C:\Program Files\dotnet\sdk\7.0.403\Extensions\Microsoft.VisualStudio.TestPlatform.Extensions.Html.TestLogger.dll'
TpTrace Verbose: 0 : 20084, 1, 2024/05/02, 01:51:00.945, 16352475378270, vstest.console.dll, MetadataReaderExtensionsHelper: Discovering extensions inside assembly 'Microsoft.VisualStudio.TestPlatform.Extensions.Trx.TestLogger, Version=15.0.0.0, Culture=neutral, PublicKeyToken=b03f5f7f11d50a3a' file path 'C:\Program Files\dotnet\sdk\7.0.403\Extensions\Microsoft.VisualStudio.TestPlatform.Extensions.Trx.TestLogger.dll'
TpTrace Information: 0 : 20084, 1, 2024/05/02, 01:51:00.946, 16352475386733, vstest.console.dll, GetTestExtensionFromType: Register extension with identifier data 'logger://Microsoft/TestPlatform/TrxLogger/v1' and type 'Microsoft.VisualStudio.TestPlatform.Extensions.TrxLogger.TrxLogger, Microsoft.VisualStudio.TestPlatform.Extensions.Trx.TestLogger, Version=15.0.0.0, Culture=neutral, PublicKeyToken=b03f5f7f11d50a3a' inside file 'C:\Program Files\dotnet\sdk\7.0.403\Extensions\Microsoft.VisualStudio.TestPlatform.Extensions.Trx.TestLogger.dll'
TpTrace Verbose: 0 : 20084, 1, 2024/05/02, 01:51:00.946, 16352475388451, vstest.console.dll, TestPluginCache: Discovered the extensions using extension path ''.
TpTrace Verbose: 0 : 20084, 1, 2024/05/02, 01:51:00.946, 16352475388995, vstest.console.dll, TestPluginCache: Discoverers are ''.
TpTrace Verbose: 0 : 20084, 1, 2024/05/02, 01:51:00.946, 16352475389354, vstest.console.dll, TestPluginCache: Executors are ''.
TpTrace Verbose: 0 : 20084, 1, 2024/05/02, 01:51:00.946, 16352475389695, vstest.console.dll, TestPluginCache: Executors2 are ''.
TpTrace Verbose: 0 : 20084, 1, 2024/05/02, 01:51:00.946, 16352475390596, vstest.console.dll, TestPluginCache: Setting providers are ''.
TpTrace Verbose: 0 : 20084, 1, 2024/05/02, 01:51:00.947, 16352475391665, vstest.console.dll, TestPluginCache: Loggers are 'logger://Microsoft/TestPlatform/Extensions/Blame/v1,logger://Microsoft/TestPlatform/HtmlLogger/v1,logger://Microsoft/TestPlatform/TrxLogger/v1'.
TpTrace Verbose: 0 : 20084, 1, 2024/05/02, 01:51:00.947, 16352475392247, vstest.console.dll, TestPluginCache: TestHosts are 'HostProvider://DefaultTestHost,HostProvider://DotnetTestHost'.
TpTrace Verbose: 0 : 20084, 1, 2024/05/02, 01:51:00.947, 16352475392637, vstest.console.dll, TestPluginCache: DataCollectors are ''.
TpTrace Information: 0 : 20084, 1, 2024/05/02, 01:51:00.948, 16352475403494, vstest.console.dll, TestPluginManager.CreateTestExtension: Attempting to load test extension: Microsoft.TestPlatform.Extensions.BlameDataCollector.BlameLogger
TpTrace Verbose: 0 : 20084, 1, 2024/05/02, 01:51:00.958, 16352475504653, vstest.console.dll, TestEngine: Initializing Parallel Execution as MaxCpuCount is set to: 1
TpTrace Information: 0 : 20084, 1, 2024/05/02, 01:51:00.960, 16352475523642, vstest.console.dll, TestPluginManager.CreateTestExtension: Attempting to load test extension: Microsoft.VisualStudio.TestPlatform.CrossPlatEngine.Hosting.DefaultTestHostManager
TpTrace Information: 0 : 20084, 1, 2024/05/02, 01:51:00.961, 16352475539386, vstest.console.dll, TestPluginManager.CreateTestExtension: Attempting to load test extension: Microsoft.VisualStudio.TestPlatform.CrossPlatEngine.Hosting.DotnetTestHostManager
TpTrace Information: 0 : 20084, 1, 2024/05/02, 01:51:00.962, 16352475547678, vstest.console.dll, InferRunSettingsHelper.IsTestSettingsEnabled: Unable to navigate to RunSettings/MSTest. Current node: RunSettings
TpTrace Verbose: 0 : 20084, 1, 2024/05/02, 01:51:00.963, 16352475556246, vstest.console.dll, ParallelOperationManager.ClearSlots: Clearing all slots. Slots should accept more work: True
TpTrace Verbose: 0 : 20084, 1, 2024/05/02, 01:51:00.964, 16352475565584, vstest.console.dll, ParallelOperationManager.SetOccupiedSlotCount: Setting slot counts AvailableSlotCount = 1, OccupiedSlotCount = 0.
TpTrace Verbose: 0 : 20084, 1, 2024/05/02, 01:51:00.964, 16352475570323, vstest.console.dll, Occupied slots:

TpTrace Verbose: 0 : 20084, 1, 2024/05/02, 01:51:00.968, 16352475606820, vstest.console.dll, TestEngine.GetExecutionManager: Chosen execution manager 'Microsoft.VisualStudio.TestPlatform.CrossPlatEngine.Client.Parallel.ParallelProxyExecutionManager, Microsoft.TestPlatform.CrossPlatEngine, Version=15.0.0.0, Culture=neutral, PublicKeyToken=b03f5f7f11d50a3a' ParallelLevel '1'.
TpTrace Verbose: 0 : 20084, 1, 2024/05/02, 01:51:00.968, 16352475608515, vstest.console.dll, TestRunRequest.ExecuteAsync: Creating test run request.
TpTrace Verbose: 0 : 20084, 1, 2024/05/02, 01:51:00.968, 16352475611184, vstest.console.dll, TestRunRequest.ExecuteAsync: Starting.
TpTrace Information: 0 : 20084, 1, 2024/05/02, 01:51:00.969, 16352475615718, vstest.console.dll, TestRunRequest.ExecuteAsync: Starting run with settings:TestRunCriteria:
   KeepAlive=False,FrequencyOfRunStatsChangeEvent=10,RunStatsChangeEventTimeout=00:00:01.5000000,TestCaseFilter=,TestExecutorLauncher=
   Settingsxml=<RunSettings>
  <RunConfiguration>
    <ResultsDirectory>C:\Users\DT User\source\repos\SmokeTestAutomation\SmokeTestAutomation\bin\Debug\net6.0\fine-code-coverage\coverage-tool-output</ResultsDirectory>
    <TargetPlatform>X64</TargetPlatform>
    <TargetFrameworkVersion>.NETCoreApp,Version=v6.0</TargetFrameworkVersion>
    <DesignMode>False</DesignMode>
    <CollectSourceInformation>False</CollectSourceInformation>
  </RunConfiguration>
  <LoggerRunSettings>
    <Loggers>
      <Logger friendlyName="blame" enabled="True" />
      <Logger friendlyName="Console" uri="logger://microsoft/TestPlatform/ConsoleLogger/v1" assemblyQualifiedName="Microsoft.VisualStudio.TestPlatform.CommandLine.Internal.ConsoleLogger, vstest.console, Version=15.0.0.0, Culture=neutral, PublicKeyToken=b03f5f7f11d50a3a" codeBase="C:\Program Files\dotnet\sdk\7.0.403\vstest.console.dll" enabled="True" />
    </Loggers>
  </LoggerRunSettings>
  <DataCollectionRunSettings>
    <DataCollectors>
      <DataCollector friendlyName="blame" enabled="True">
        <Configuration>
          <ResultsDirectory>C:\Users\DT User\source\repos\SmokeTestAutomation\SmokeTestAutomation\bin\Debug\net6.0\fine-code-coverage\coverage-tool-output</ResultsDirectory>
        </Configuration>
      </DataCollector>
    </DataCollectors>
  </DataCollectionRunSettings>
</RunSettings>

TpTrace Verbose: 0 : 20084, 1, 2024/05/02, 01:51:00.969, 16352475617401, vstest.console.dll, TestRunRequest.ExecuteAsync: Wait for the first run request is over.
TpTrace Verbose: 0 : 20084, 1, 2024/05/02, 01:51:00.969, 16352475620893, vstest.console.dll, MulticastDelegateUtilities.SafeInvoke: TestRun.TestRunStart: Invoking callbacks was skipped because there are no subscribers.
TpTrace Verbose: 0 : 20084, 4, 2024/05/02, 01:51:00.970, 16352475624223, vstest.console.dll, MulticastDelegateUtilities.SafeInvoke: InternalTestLoggerEvents.SendTestRunStart: Invoking callback 1/1 for Microsoft.VisualStudio.TestPlatform.CommandLine.Internal.ConsoleLogger., took 0 ms.
TpTrace Verbose: 0 : 20084, 1, 2024/05/02, 01:51:00.971, 16352475637890, vstest.console.dll, ParallelProxyExecutionManager: Start execution. Total sources: 1
TpTrace Verbose: 0 : 20084, 1, 2024/05/02, 01:51:00.972, 16352475642506, vstest.console.dll, ParallelOperationManager.StartWork: Starting adding 1 workloads.
TpTrace Verbose: 0 : 20084, 1, 2024/05/02, 01:51:00.972, 16352475644241, vstest.console.dll, ParallelOperationManager.ClearSlots: Clearing all slots. Slots should accept more work: True
TpTrace Verbose: 0 : 20084, 1, 2024/05/02, 01:51:00.972, 16352475645116, vstest.console.dll, ParallelOperationManager.SetOccupiedSlotCount: Setting slot counts AvailableSlotCount = 1, OccupiedSlotCount = 0.
TpTrace Verbose: 0 : 20084, 1, 2024/05/02, 01:51:00.972, 16352475645639, vstest.console.dll, Occupied slots:

TpTrace Verbose: 0 : 20084, 1, 2024/05/02, 01:51:00.974, 16352475661938, vstest.console.dll, TestRequestSender is acting as server.
TpTrace Verbose: 0 : 20084, 1, 2024/05/02, 01:51:00.975, 16352475676352, vstest.console.dll, ParallelOperationManager.RunWorkInParallel: Adding 1 workload to slot, remaining workloads 0.
TpTrace Verbose: 0 : 20084, 1, 2024/05/02, 01:51:00.975, 16352475677140, vstest.console.dll, ParallelOperationManager.SetOccupiedSlotCount: Setting slot counts AvailableSlotCount = 0, OccupiedSlotCount = 1.
TpTrace Verbose: 0 : 20084, 1, 2024/05/02, 01:51:00.975, 16352475678466, vstest.console.dll, Occupied slots:
0: C:\Users\DT User\source\repos\SmokeTestAutomation\SmokeTestAutomation\bin\Debug\net6.0\fine-code-coverage\build-output\SmokeTestAutomation.dll
TpTrace Verbose: 0 : 20084, 1, 2024/05/02, 01:51:00.977, 16352475692450, vstest.console.dll, ParallelOperationManager.RunWorkInParallel: Started host in slot number 0 for work (source): C:\Users\DT User\source\repos\SmokeTestAutomation\SmokeTestAutomation\bin\Debug\net6.0\fine-code-coverage\build-output\SmokeTestAutomation.dll.
TpTrace Verbose: 0 : 20084, 1, 2024/05/02, 01:51:00.978, 16352475702571, vstest.console.dll, ParallelOperationManager.RunWorkInParallel: We started 1 work items, which is the max parallel level. Won't start more work.
TpTrace Verbose: 0 : 20084, 1, 2024/05/02, 01:51:00.978, 16352475703430, vstest.console.dll, ParallelOperationManager.RunWorkInParallel: We started 1 work items in here, returning True.
TpTrace Information: 0 : 20084, 1, 2024/05/02, 01:51:00.978, 16352475704008, vstest.console.dll, TestRunRequest.ExecuteAsync: Started.
TpTrace Verbose: 0 : 20084, 1, 2024/05/02, 01:51:00.978, 16352475705110, vstest.console.dll, TestRunRequest.WaitForCompletion: Waiting with timeout -1.
TpTrace Verbose: 0 : 20084, 5, 2024/05/02, 01:51:00.978, 16352475706221, vstest.console.dll, ParallelProxyExecutionManager.StartTestRunOnConcurrentManager: Initializing uninitialized client. Started clients: 0
TpTrace Verbose: 0 : 20084, 5, 2024/05/02, 01:51:00.978, 16352475708770, vstest.console.dll, DataCollectionRequestSender.InitializeCommunication : Initialize communication. 
TpTrace Information: 0 : 20084, 5, 2024/05/02, 01:51:00.983, 16352475760592, vstest.console.dll, Listening on Endpoint : 127.0.0.1:51463
TpTrace Verbose: 0 : 20084, 5, 2024/05/02, 01:51:00.992, 16352475842475, vstest.console.dll, DotnetDataCollectionLauncher: Adding  --runtimeconfig "C:\Program Files\dotnet\sdk\7.0.403\datacollector.runtimeconfig.json" in args
TpTrace Verbose: 0 : 20084, 5, 2024/05/02, 01:51:00.992, 16352475843917, vstest.console.dll, DotnetDataCollectionLauncher: Adding  --depsfile "C:\Program Files\dotnet\sdk\7.0.403\datacollector.deps.json" in args
TpTrace Verbose: 0 : 20084, 5, 2024/05/02, 01:51:00.992, 16352475847871, vstest.console.dll, DotnetDataCollectionLauncher: Full path of dotnet.exe is C:\Program Files\dotnet\dotnet.exe
TpTrace Information: 0 : 20084, 5, 2024/05/02, 01:51:00.999, 16352475914310, vstest.console.dll, ProxyDataCollectionManager.Initialize: Launched datacollector processId: 10872 port: 51463
TpTrace Information: 0 : 20084, 5, 2024/05/02, 01:51:00.999, 16352475916704, vstest.console.dll, ProxyDataCollectionManager.Initialize: waiting for connection with timeout: 90 seconds
TpTrace Verbose: 0 : 20084, 5, 2024/05/02, 01:51:00.999, 16352475917931, vstest.console.dll, DataCollectionRequestSender.WaitForRequestHandlerConnection : Waiting for connection with timeout: 90000
TpTrace Information: 0 : 20084, 7, 2024/05/02, 01:51:01.286, 16352478787644, vstest.console.dll, Using the buffer size of 16384 bytes
TpTrace Verbose: 0 : 20084, 5, 2024/05/02, 01:51:01.286, 16352478787792, vstest.console.dll, SocketCommunicationManager.WaitForClientConnection took: 286 ms, with 90000 ms timeout, and finished with True.
TpTrace Information: 0 : 20084, 7, 2024/05/02, 01:51:01.286, 16352478790061, vstest.console.dll, Accepted Client request and set the flag
TpTrace Verbose: 0 : 20084, 5, 2024/05/02, 01:51:01.287, 16352478792031, vstest.console.dll, ProxyDataCollectionManager.InvokeDataCollectionServiceAction: Starting.
TpTrace Information: 0 : 20084, 5, 2024/05/02, 01:51:01.287, 16352478793801, vstest.console.dll, ProxyDataCollectionManager.BeforeTestRunStart: Get environment variable and port for datacollector processId: 10872 port: 51463
TpTrace Verbose: 0 : 20084, 5, 2024/05/02, 01:51:01.287, 16352478796172, vstest.console.dll, DataCollectionRequestSender.SendBeforeTestRunStartAndGetResult: Send BeforeTestRunStart message with settingsXml <RunSettings><RunConfiguration><ResultsDirectory>C:\Users\DT User\source\repos\SmokeTestAutomation\SmokeTestAutomation\bin\Debug\net6.0\fine-code-coverage\coverage-tool-output</ResultsDirectory><TargetPlatform>X64</TargetPlatform><TargetFrameworkVersion>.NETCoreApp,Version=v6.0</TargetFrameworkVersion><DesignMode>False</DesignMode><CollectSourceInformation>False</CollectSourceInformation><TestAdaptersPaths>C:\Program Files\dotnet\sdk\7.0.403\Extensions</TestAdaptersPaths></RunConfiguration><LoggerRunSettings><Loggers><Logger friendlyName="blame" enabled="True" /><Logger friendlyName="Console" uri="logger://microsoft/TestPlatform/ConsoleLogger/v1" assemblyQualifiedName="Microsoft.VisualStudio.TestPlatform.CommandLine.Internal.ConsoleLogger, vstest.console, Version=15.0.0.0, Culture=neutral, PublicKeyToken=b03f5f7f11d50a3a" codeBase="C:\Program Files\dotnet\sdk\7.0.403\vstest.console.dll" enabled="True" /></Loggers></LoggerRunSettings><DataCollectionRunSettings><DataCollectors><DataCollector friendlyName="blame" enabled="True"><Configuration><ResultsDirectory>C:\Users\DT User\source\repos\SmokeTestAutomation\SmokeTestAutomation\bin\Debug\net6.0\fine-code-coverage\coverage-tool-output</ResultsDirectory></Configuration></DataCollector></DataCollectors></DataCollectionRunSettings></RunSettings> and sources System.Collections.Generic.List`1[System.String]: 
TpTrace Verbose: 0 : 20084, 5, 2024/05/02, 01:51:01.415, 16352480074542, vstest.console.dll, DataCollectionRequestSender.SendBeforeTestRunStartAndGetResult: Received message: (DataCollection.SendMessage) -> {"MessageType":"DataCollection.SendMessage","Payload":{"FriendlyName":null,"Uri":null,"TestCaseId":"00000000-0000-0000-0000-000000000000","Message":"Logging DataCollector Diagnostics in file: C:\\Users\\DT User\\source\\repos\\SmokeTestAutomation\\SmokeTestAutomation\\bin\\Debug\\net6.0\\fine-code-coverage\\coverage-tool-output\\diagnostics.datacollector.24-05-02_01-51-00_99183_5.log","Level":0}}
TpTrace Verbose: 0 : 20084, 5, 2024/05/02, 01:51:01.526, 16352481188869, vstest.console.dll, DataCollectionRequestSender.SendBeforeTestRunStartAndGetResult: Received message: (DataCollection.BeforeTestRunStartResult) -> {"MessageType":"DataCollection.BeforeTestRunStartResult","Payload":{"EnvironmentVariables":{},"DataCollectionEventsPort":51465}}
TpTrace Information: 0 : 20084, 5, 2024/05/02, 01:51:01.533, 16352481252303, vstest.console.dll, ProxyDataCollectionManager.BeforeTestRunStart: SendBeforeTestRunStartAndGetResult successful, env variable from datacollector:   and testhost port: 51465
TpTrace Information: 0 : 20084, 5, 2024/05/02, 01:51:01.533, 16352481253847, vstest.console.dll, ProxyDataCollectionManager.InvokeDataCollectionServiceAction: Completed.
TpTrace Verbose: 0 : 20084, 5, 2024/05/02, 01:51:01.533, 16352481254412, vstest.console.dll, ParallelProxyExecutionManager.StartTestRunOnConcurrentManager: Initializing test run. Started clients: 0
TpTrace Verbose: 0 : 20084, 5, 2024/05/02, 01:51:01.533, 16352481255483, vstest.console.dll, ProxyExecutionManager: Test host is always Lazy initialize.
TpTrace Verbose: 0 : 20084, 5, 2024/05/02, 01:51:01.533, 16352481258793, vstest.console.dll, TestRequestSender.InitializeCommunication: initialize communication. 
TpTrace Information: 0 : 20084, 5, 2024/05/02, 01:51:01.534, 16352481265328, vstest.console.dll, SocketServer.Start: Listening on endpoint : 127.0.0.1:51466
TpTrace Verbose: 0 : 20084, 5, 2024/05/02, 01:51:01.535, 16352481276912, vstest.console.dll, DotnetTestHostmanager.GetTestHostProcessStartInfo: Platform environment 'X64' target architecture 'X64' framework '.NETCoreApp,Version=v6.0' OS 'Windows'
TpTrace Verbose: 0 : 20084, 5, 2024/05/02, 01:51:01.535, 16352481280453, vstest.console.dll, DotnetTestHostmanager: Adding  --runtimeconfig "C:\Users\DT User\source\repos\SmokeTestAutomation\SmokeTestAutomation\bin\Debug\net6.0\fine-code-coverage\build-output\SmokeTestAutomation.runtimeconfig.json" in args
TpTrace Verbose: 0 : 20084, 5, 2024/05/02, 01:51:01.536, 16352481281756, vstest.console.dll, DotnetTestHostmanager: Adding  --depsfile "C:\Users\DT User\source\repos\SmokeTestAutomation\SmokeTestAutomation\bin\Debug\net6.0\fine-code-coverage\build-output\SmokeTestAutomation.deps.json" in args
TpTrace Verbose: 0 : 20084, 5, 2024/05/02, 01:51:01.536, 16352481284361, vstest.console.dll, DotnetTestHostmanager.IsWinOnArm: Current PROCESSOR_ARCHITECTURE from environment variable 'AMD64'
TpTrace Verbose: 0 : 20084, 5, 2024/05/02, 01:51:01.536, 16352481285192, vstest.console.dll, DotnetTestHostmanager.IsWinOnArm: Is Windows on ARM 'False'
TpTrace Verbose: 0 : 20084, 5, 2024/05/02, 01:51:01.536, 16352481286501, vstest.console.dll, DotnetTestHostManager: testhost.exe found at path: C:\Users\DT User\source\repos\SmokeTestAutomation\SmokeTestAutomation\bin\Debug\net6.0\fine-code-coverage\build-output\testhost.exe
TpTrace Verbose: 0 : 20084, 5, 2024/05/02, 01:51:01.536, 16352481287117, vstest.console.dll, DotnetTestHostmanager: Full path of host exe is C:\Users\DT User\source\repos\SmokeTestAutomation\SmokeTestAutomation\bin\Debug\net6.0\fine-code-coverage\build-output\testhost.exe
TpTrace Verbose: 0 : 20084, 5, 2024/05/02, 01:51:01.536, 16352481288776, vstest.console.dll, DotnetTestHostmanager.LaunchTestHostAsync: Found 'VSTEST_WINAPPHOST_DOTNET_ROOT' in env variables, value 'C:\Program Files\dotnet', forwarding to 'DOTNET_ROOT'
TpTrace Verbose: 0 : 20084, 5, 2024/05/02, 01:51:01.536, 16352481291034, vstest.console.dll, DotnetTestHostManager: Starting process 'C:\Users\DT User\source\repos\SmokeTestAutomation\SmokeTestAutomation\bin\Debug\net6.0\fine-code-coverage\build-output\testhost.exe' with command line ' --runtimeconfig "C:\Users\DT User\source\repos\SmokeTestAutomation\SmokeTestAutomation\bin\Debug\net6.0\fine-code-coverage\build-output\SmokeTestAutomation.runtimeconfig.json" --depsfile "C:\Users\DT User\source\repos\SmokeTestAutomation\SmokeTestAutomation\bin\Debug\net6.0\fine-code-coverage\build-output\SmokeTestAutomation.deps.json" --port 51466 --endpoint 127.0.0.1:051466 --role client --parentprocessid 20084 --diag "C:\Users\DT User\source\repos\SmokeTestAutomation\SmokeTestAutomation\bin\Debug\net6.0\fine-code-coverage\coverage-tool-output\diagnostics.host.24-05-02_01-51-01_53498_5.log" --tracelevel 4 --datacollectionport 51465 --telemetryoptedin false'
TpTrace Verbose: 0 : 20084, 5, 2024/05/02, 01:51:01.544, 16352481367006, vstest.console.dll, MulticastDelegateUtilities.SafeInvoke: HostProviderEvents.OnHostLaunched: Invoking callback 1/2 for Microsoft.VisualStudio.TestPlatform.CrossPlatEngine.Client.ProxyExecutionManagerWithDataCollection., took 2 ms.
TpTrace Verbose: 0 : 20084, 5, 2024/05/02, 01:51:01.545, 16352481371960, vstest.console.dll, Test Runtime launched
TpTrace Verbose: 0 : 20084, 5, 2024/05/02, 01:51:01.545, 16352481373668, vstest.console.dll, MulticastDelegateUtilities.SafeInvoke: HostProviderEvents.OnHostLaunched: Invoking callback 2/2 for Microsoft.VisualStudio.TestPlatform.CrossPlatEngine.Client.ProxyOperationManager., took 0 ms.
TpTrace Verbose: 0 : 20084, 5, 2024/05/02, 01:51:01.545, 16352481376783, vstest.console.dll, TestRequestSender.WaitForRequestHandlerConnection: waiting for connection with timeout: 90000.
TpTrace Verbose: 0 : 20084, 5, 2024/05/02, 01:51:01.742, 16352483344672, vstest.console.dll, TestRequestSender.WaitForRequestHandlerConnection: waiting took 196 ms, with timeout 90000 ms, and result 0, which is success.
TpTrace Verbose: 0 : 20084, 11, 2024/05/02, 01:51:01.742, 16352483344683, vstest.console.dll, MulticastDelegateUtilities.SafeInvoke: SocketServer: ClientConnected: Invoking callback 1/1 for Microsoft.VisualStudio.TestPlatform.CommunicationUtilities.TestRequestSender., took 0 ms.
TpTrace Verbose: 0 : 20084, 11, 2024/05/02, 01:51:01.742, 16352483348983, vstest.console.dll, SocketServer.OnClientConnected: Client connected for endPoint: 127.0.0.1:51466, starting MessageLoopAsync:
TpTrace Verbose: 0 : 20084, 11, 2024/05/02, 01:51:01.743, 16352483353879, vstest.console.dll, TcpClientExtensions.MessageLoopAsync: Polling on remoteEndPoint: 127.0.0.1:51467 localEndPoint: 127.0.0.1:51466
TpTrace Verbose: 0 : 20084, 5, 2024/05/02, 01:51:01.744, 16352483362351, vstest.console.dll, TestRequestSender.CheckVersionWithTestHost: Sending check version message: {"MessageType":"ProtocolVersion","Payload":7}
TpTrace Verbose: 0 : 20084, 11, 2024/05/02, 01:51:01.913, 16352485051600, vstest.console.dll, TcpClientExtensions.MessageLoopAsync: NotifyDataAvailable remoteEndPoint: 127.0.0.1:51467 localEndPoint: 127.0.0.1:51466
TpTrace Verbose: 0 : 20084, 11, 2024/05/02, 01:51:01.913, 16352485054890, vstest.console.dll, TestRequestSender.CheckVersionWithTestHost: onMessageReceived received message: (ProtocolVersion) -> {"MessageType":"ProtocolVersion","Payload":5}
TpTrace Verbose: 0 : 20084, 11, 2024/05/02, 01:51:01.914, 16352485064681, vstest.console.dll, MulticastDelegateUtilities.SafeInvoke: LengthPrefixCommunicationChannel: MessageReceived: Invoking callback 1/1 for Microsoft.VisualStudio.TestPlatform.CommunicationUtilities.TestRequestSender+<>c__DisplayClass29_0., took 1 ms.
TpTrace Verbose: 0 : 20084, 5, 2024/05/02, 01:51:01.914, 16352485065706, vstest.console.dll, TestPluginCache.GetExtensionPaths: Filtered extension paths: 
TpTrace Verbose: 0 : 20084, 11, 2024/05/02, 01:51:01.914, 16352485066413, vstest.console.dll, TcpClientExtensions.MessageLoopAsync: Polling on remoteEndPoint: 127.0.0.1:51467 localEndPoint: 127.0.0.1:51466
TpTrace Verbose: 0 : 20084, 5, 2024/05/02, 01:51:01.914, 16352485067353, vstest.console.dll, TestPluginCache.GetExtensionPaths: Added default extension paths: C:\Program Files\dotnet\sdk\7.0.403\Extensions\Microsoft.Diagnostics.NETCore.Client.dll
C:\Program Files\dotnet\sdk\7.0.403\Extensions\Microsoft.TestPlatform.Extensions.BlameDataCollector.dll
C:\Program Files\dotnet\sdk\7.0.403\Extensions\Microsoft.TestPlatform.Extensions.EventLogCollector.dll
C:\Program Files\dotnet\sdk\7.0.403\Extensions\Microsoft.TestPlatform.TestHostRuntimeProvider.dll
C:\Program Files\dotnet\sdk\7.0.403\Extensions\Microsoft.VisualStudio.TestPlatform.Extensions.Html.TestLogger.dll
C:\Program Files\dotnet\sdk\7.0.403\Extensions\Microsoft.VisualStudio.TestPlatform.Extensions.Trx.TestLogger.dll
TpTrace Verbose: 0 : 20084, 5, 2024/05/02, 01:51:01.914, 16352485068977, vstest.console.dll, TestPluginCache.GetExtensionPaths: Added unfilterableExtensionPaths: 
TpTrace Verbose: 0 : 20084, 5, 2024/05/02, 01:51:01.919, 16352485115121, vstest.console.dll, TestRequestSender.InitializeExecution: Sending initialize execution with message: {"Version":5,"MessageType":"TestExecution.Initialize","Payload":["C:\\Users\\DT User\\source\\repos\\SmokeTestAutomation\\SmokeTestAutomation\\bin\\Debug\\net6.0\\fine-code-coverage\\build-output\\NUnit3.TestAdapter.dll"]}
TpTrace Verbose: 0 : 20084, 5, 2024/05/02, 01:51:01.919, 16352485118581, vstest.console.dll, ParallelProxyExecutionManager.StartTestRunOnConcurrentManager: Execution starting. Started clients: 1
TpTrace Verbose: 0 : 20084, 5, 2024/05/02, 01:51:01.920, 16352485122766, vstest.console.dll, TestRunRequest:SendTestRunMessage: Starting.
TpTrace Verbose: 0 : 20084, 5, 2024/05/02, 01:51:01.920, 16352485125504, vstest.console.dll, MulticastDelegateUtilities.SafeInvoke: TestRun.LogMessages: Invoking callback 1/1 for Microsoft.VisualStudio.TestPlatform.CommandLine.TestRunResultAggregator., took 0 ms.
TpTrace Verbose: 0 : 20084, 4, 2024/05/02, 01:51:01.920, 16352485125428, vstest.console.dll, MulticastDelegateUtilities.SafeInvoke: InternalTestLoggerEvents.SendTestRunMessage: Invoking callback 1/1 for Microsoft.VisualStudio.TestPlatform.CommandLine.Internal.ConsoleLogger., took 0 ms.
TpTrace Information: 0 : 20084, 5, 2024/05/02, 01:51:01.920, 16352485126573, vstest.console.dll, TestRunRequest:SendTestRunMessage: Completed.
TpTrace Warning: 0 : 20084, 5, 2024/05/02, 01:51:01.921, 16352485134471, vstest.console.dll, InferRunSettingsHelper.MakeRunsettingsCompatible: Removing the following settings: TargetPlatform from RunSettings file. To use those settings please move to latest version of Microsoft.NET.Test.Sdk
TpTrace Verbose: 0 : 20084, 11, 2024/05/02, 01:51:01.929, 16352485214995, vstest.console.dll, TcpClientExtensions.MessageLoopAsync: NotifyDataAvailable remoteEndPoint: 127.0.0.1:51467 localEndPoint: 127.0.0.1:51466
TpTrace Verbose: 0 : 20084, 11, 2024/05/02, 01:51:01.929, 16352485220416, vstest.console.dll, TestRequestSender.OnExecutionMessageReceived: Received message: {"Version":5,"MessageType":"TestSession.Message","Payload":{"MessageLevel":0,"Message":"Logging TestHost Diagnostics in file: C:\\Users\\DT User\\source\\repos\\SmokeTestAutomation\\SmokeTestAutomation\\bin\\Debug\\net6.0\\fine-code-coverage\\coverage-tool-output\\diagnostics.host.24-05-02_01-51-01_53498_5.log"}}
TpTrace Verbose: 0 : 20084, 11, 2024/05/02, 01:51:01.932, 16352485248749, vstest.console.dll, TestRunRequest:SendTestRunMessage: Starting.
TpTrace Verbose: 0 : 20084, 4, 2024/05/02, 01:51:01.933, 16352485253089, vstest.console.dll, MulticastDelegateUtilities.SafeInvoke: InternalTestLoggerEvents.SendTestRunMessage: Invoking callback 1/1 for Microsoft.VisualStudio.TestPlatform.CommandLine.Internal.ConsoleLogger., took 0 ms.
TpTrace Verbose: 0 : 20084, 11, 2024/05/02, 01:51:01.933, 16352485253119, vstest.console.dll, MulticastDelegateUtilities.SafeInvoke: TestRun.LogMessages: Invoking callback 1/1 for Microsoft.VisualStudio.TestPlatform.CommandLine.TestRunResultAggregator., took 0 ms.
TpTrace Information: 0 : 20084, 11, 2024/05/02, 01:51:01.933, 16352485255234, vstest.console.dll, TestRunRequest:SendTestRunMessage: Completed.
TpTrace Verbose: 0 : 20084, 11, 2024/05/02, 01:51:01.933, 16352485256072, vstest.console.dll, MulticastDelegateUtilities.SafeInvoke: LengthPrefixCommunicationChannel: MessageReceived: Invoking callback 1/1 for Microsoft.VisualStudio.TestPlatform.CommunicationUtilities.TestRequestSender+<>c__DisplayClass34_0., took 3 ms.
TpTrace Verbose: 0 : 20084, 11, 2024/05/02, 01:51:01.933, 16352485256598, vstest.console.dll, TcpClientExtensions.MessageLoopAsync: Polling on remoteEndPoint: 127.0.0.1:51467 localEndPoint: 127.0.0.1:51466
TpTrace Verbose: 0 : 20084, 5, 2024/05/02, 01:51:01.935, 16352485271746, vstest.console.dll, TestRequestSender.StartTestRun: Sending test run with message: {"Version":5,"MessageType":"TestExecution.StartWithSources","Payload":{"AdapterSourceMap":{"_none_":["C:\\Users\\DT User\\source\\repos\\SmokeTestAutomation\\SmokeTestAutomation\\bin\\Debug\\net6.0\\fine-code-coverage\\build-output\\SmokeTestAutomation.dll"]},"RunSettings":"<RunSettings>\r\n  <RunConfiguration>\r\n    <ResultsDirectory>C:\\Users\\DT User\\source\\repos\\SmokeTestAutomation\\SmokeTestAutomation\\bin\\Debug\\net6.0\\fine-code-coverage\\coverage-tool-output</ResultsDirectory>\r\n    <TargetFrameworkVersion>.NETCoreApp,Version=v6.0</TargetFrameworkVersion>\r\n    <DesignMode>False</DesignMode>\r\n    <CollectSourceInformation>False</CollectSourceInformation>\r\n  </RunConfiguration>\r\n  <LoggerRunSettings>\r\n    <Loggers>\r\n      <Logger friendlyName=\"blame\" enabled=\"True\" />\r\n      <Logger friendlyName=\"Console\" uri=\"logger://microsoft/TestPlatform/ConsoleLogger/v1\" assemblyQualifiedName=\"Microsoft.VisualStudio.TestPlatform.CommandLine.Internal.ConsoleLogger, vstest.console, Version=15.0.0.0, Culture=neutral, PublicKeyToken=b03f5f7f11d50a3a\" codeBase=\"C:\\Program Files\\dotnet\\sdk\\7.0.403\\vstest.console.dll\" enabled=\"True\" />\r\n    </Loggers>\r\n  </LoggerRunSettings>\r\n  <DataCollectionRunSettings>\r\n    <DataCollectors>\r\n      <DataCollector friendlyName=\"blame\" enabled=\"True\">\r\n        <Configuration>\r\n          <ResultsDirectory>C:\\Users\\DT User\\source\\repos\\SmokeTestAutomation\\SmokeTestAutomation\\bin\\Debug\\net6.0\\fine-code-coverage\\coverage-tool-output</ResultsDirectory>\r\n        </Configuration>\r\n      </DataCollector>\r\n    </DataCollectors>\r\n  </DataCollectionRunSettings>\r\n</RunSettings>","TestExecutionContext":{"FrequencyOfRunStatsChangeEvent":10,"RunStatsChangeEventTimeout":"00:00:01.5000000","InIsolation":false,"KeepAlive":false,"AreTestCaseLevelEventsRequired":false,"IsDebug":false,"TestCaseFilter":null,"FilterOptions":null},"Package":null}}
TpTrace Verbose: 0 : 20084, 5, 2024/05/02, 01:51:01.935, 16352485274525, vstest.console.dll, ParallelProxyExecutionManager.StartTestRunOnConcurrentManager: Execution started. Started clients: 1
TpTrace Verbose: 0 : 20084, 11, 2024/05/02, 01:51:02.128, 16352487204227, vstest.console.dll, TcpClientExtensions.MessageLoopAsync: NotifyDataAvailable remoteEndPoint: 127.0.0.1:51467 localEndPoint: 127.0.0.1:51466
TpTrace Verbose: 0 : 20084, 11, 2024/05/02, 01:51:02.128, 16352487206462, vstest.console.dll, TestRequestSender.OnExecutionMessageReceived: Received message: {"Version":5,"MessageType":"TestSession.Message","Payload":{"MessageLevel":0,"Message":"NUnit Adapter 4.5.0.0: Test execution started"}}
TpTrace Verbose: 0 : 20084, 11, 2024/05/02, 01:51:02.128, 16352487210358, vstest.console.dll, TestRunRequest:SendTestRunMessage: Starting.
TpTrace Verbose: 0 : 20084, 11, 2024/05/02, 01:51:02.129, 16352487211668, vstest.console.dll, MulticastDelegateUtilities.SafeInvoke: TestRun.LogMessages: Invoking callback 1/1 for Microsoft.VisualStudio.TestPlatform.CommandLine.TestRunResultAggregator., took 0 ms.
TpTrace Verbose: 0 : 20084, 4, 2024/05/02, 01:51:02.129, 16352487211898, vstest.console.dll, MulticastDelegateUtilities.SafeInvoke: InternalTestLoggerEvents.SendTestRunMessage: Invoking callback 1/1 for Microsoft.VisualStudio.TestPlatform.CommandLine.Internal.ConsoleLogger., took 0 ms.
TpTrace Information: 0 : 20084, 11, 2024/05/02, 01:51:02.129, 16352487212415, vstest.console.dll, TestRunRequest:SendTestRunMessage: Completed.
TpTrace Verbose: 0 : 20084, 11, 2024/05/02, 01:51:02.129, 16352487214226, vstest.console.dll, MulticastDelegateUtilities.SafeInvoke: LengthPrefixCommunicationChannel: MessageReceived: Invoking callback 1/1 for Microsoft.VisualStudio.TestPlatform.CommunicationUtilities.TestRequestSender+<>c__DisplayClass34_0., took 0 ms.
TpTrace Verbose: 0 : 20084, 11, 2024/05/02, 01:51:02.129, 16352487214839, vstest.console.dll, TcpClientExtensions.MessageLoopAsync: Polling on remoteEndPoint: 127.0.0.1:51467 localEndPoint: 127.0.0.1:51466
TpTrace Verbose: 0 : 20084, 11, 2024/05/02, 01:51:02.160, 16352487529923, vstest.console.dll, TcpClientExtensions.MessageLoopAsync: NotifyDataAvailable remoteEndPoint: 127.0.0.1:51467 localEndPoint: 127.0.0.1:51466
TpTrace Verbose: 0 : 20084, 11, 2024/05/02, 01:51:02.161, 16352487532051, vstest.console.dll, TestRequestSender.OnExecutionMessageReceived: Received message: {"Version":5,"MessageType":"TestSession.Message","Payload":{"MessageLevel":0,"Message":"Running all tests in C:\\Users\\DT User\\source\\repos\\SmokeTestAutomation\\SmokeTestAutomation\\bin\\Debug\\net6.0\\fine-code-coverage\\build-output\\SmokeTestAutomation.dll"}}
TpTrace Verbose: 0 : 20084, 11, 2024/05/02, 01:51:02.161, 16352487533361, vstest.console.dll, TestRunRequest:SendTestRunMessage: Starting.
TpTrace Verbose: 0 : 20084, 11, 2024/05/02, 01:51:02.161, 16352487534275, vstest.console.dll, MulticastDelegateUtilities.SafeInvoke: TestRun.LogMessages: Invoking callback 1/1 for Microsoft.VisualStudio.TestPlatform.CommandLine.TestRunResultAggregator., took 0 ms.
TpTrace Verbose: 0 : 20084, 4, 2024/05/02, 01:51:02.161, 16352487534439, vstest.console.dll, MulticastDelegateUtilities.SafeInvoke: InternalTestLoggerEvents.SendTestRunMessage: Invoking callback 1/1 for Microsoft.VisualStudio.TestPlatform.CommandLine.Internal.ConsoleLogger., took 0 ms.
TpTrace Information: 0 : 20084, 11, 2024/05/02, 01:51:02.161, 16352487535060, vstest.console.dll, TestRunRequest:SendTestRunMessage: Completed.
TpTrace Verbose: 0 : 20084, 11, 2024/05/02, 01:51:02.161, 16352487536915, vstest.console.dll, MulticastDelegateUtilities.SafeInvoke: LengthPrefixCommunicationChannel: MessageReceived: Invoking callback 1/1 for Microsoft.VisualStudio.TestPlatform.CommunicationUtilities.TestRequestSender+<>c__DisplayClass34_0., took 0 ms.
TpTrace Verbose: 0 : 20084, 11, 2024/05/02, 01:51:02.161, 16352487537569, vstest.console.dll, TcpClientExtensions.MessageLoopAsync: Polling on remoteEndPoint: 127.0.0.1:51467 localEndPoint: 127.0.0.1:51466
TpTrace Verbose: 0 : 20084, 11, 2024/05/02, 01:51:02.342, 16352489341514, vstest.console.dll, TcpClientExtensions.MessageLoopAsync: NotifyDataAvailable remoteEndPoint: 127.0.0.1:51467 localEndPoint: 127.0.0.1:51466
TpTrace Verbose: 0 : 20084, 11, 2024/05/02, 01:51:02.342, 16352489343637, vstest.console.dll, TestRequestSender.OnExecutionMessageReceived: Received message: {"Version":5,"MessageType":"TestSession.Message","Payload":{"MessageLevel":0,"Message":"   NUnit3TestExecutor discovered 2 of 2 NUnit test cases using Current Discovery mode, Non-Explicit run"}}
TpTrace Verbose: 0 : 20084, 11, 2024/05/02, 01:51:02.342, 16352489345420, vstest.console.dll, TestRunRequest:SendTestRunMessage: Starting.
TpTrace Verbose: 0 : 20084, 11, 2024/05/02, 01:51:02.342, 16352489347024, vstest.console.dll, MulticastDelegateUtilities.SafeInvoke: TestRun.LogMessages: Invoking callback 1/1 for Microsoft.VisualStudio.TestPlatform.CommandLine.TestRunResultAggregator., took 0 ms.
TpTrace Verbose: 0 : 20084, 4, 2024/05/02, 01:51:02.342, 16352489347318, vstest.console.dll, MulticastDelegateUtilities.SafeInvoke: InternalTestLoggerEvents.SendTestRunMessage: Invoking callback 1/1 for Microsoft.VisualStudio.TestPlatform.CommandLine.Internal.ConsoleLogger., took 0 ms.
TpTrace Information: 0 : 20084, 11, 2024/05/02, 01:51:02.342, 16352489348368, vstest.console.dll, TestRunRequest:SendTestRunMessage: Completed.
TpTrace Verbose: 0 : 20084, 11, 2024/05/02, 01:51:02.342, 16352489349177, vstest.console.dll, MulticastDelegateUtilities.SafeInvoke: LengthPrefixCommunicationChannel: MessageReceived: Invoking callback 1/1 for Microsoft.VisualStudio.TestPlatform.CommunicationUtilities.TestRequestSender+<>c__DisplayClass34_0., took 0 ms.
TpTrace Verbose: 0 : 20084, 11, 2024/05/02, 01:51:02.342, 16352489349770, vstest.console.dll, TcpClientExtensions.MessageLoopAsync: Polling on remoteEndPoint: 127.0.0.1:51467 localEndPoint: 127.0.0.1:51466
TpTrace Verbose: 0 : 20084, 11, 2024/05/02, 01:51:03.357, 16352499496444, vstest.console.dll, TcpClientExtensions.MessageLoopAsync: Polling on remoteEndPoint: 127.0.0.1:51467 localEndPoint: 127.0.0.1:51466
TpTrace Verbose: 0 : 20084, 11, 2024/05/02, 01:51:03.679, 16352502712224, vstest.console.dll, TcpClientExtensions.MessageLoopAsync: NotifyDataAvailable remoteEndPoint: 127.0.0.1:51467 localEndPoint: 127.0.0.1:51466
TpTrace Verbose: 0 : 20084, 11, 2024/05/02, 01:51:03.679, 16352502716545, vstest.console.dll, TestRequestSender.OnExecutionMessageReceived: Received message: {"Version":5,"MessageType":"TestExecution.StatsChange","Payload":{"NewTestResults":[],"TestRunStatistics":{"ExecutedTests":0,"Stats":{}},"ActiveTests":[{"Id":"90e5decb-e9c4-3a41-5277-91d730d43207","FullyQualifiedName":"SmokeTestAutomation.SmokeTest.RegisterAndLogin","DisplayName":"RegisterAndLogin","ExecutorUri":"executor://NUnit3TestExecutor","Source":"C:\\Users\\DT User\\source\\repos\\SmokeTestAutomation\\SmokeTestAutomation\\bin\\Debug\\net6.0\\fine-code-coverage\\build-output\\SmokeTestAutomation.dll","CodeFilePath":null,"LineNumber":0,"Properties":[{"Key":{"Id":"NUnit.Seed","Label":"Seed","Category":"","Description":"","Attributes":0,"ValueType":"System.String"},"Value":"233466458"}]}]}}
TpTrace Verbose: 0 : 20084, 11, 2024/05/02, 01:51:03.718, 16352503107644, vstest.console.dll, TestRunRequest:SendTestRunStatsChange: Starting.
TpTrace Verbose: 0 : 20084, 11, 2024/05/02, 01:51:03.719, 16352503111522, vstest.console.dll, InProgress is RegisterAndLogin
TpTrace Verbose: 0 : 20084, 11, 2024/05/02, 01:51:03.719, 16352503113747, vstest.console.dll, MulticastDelegateUtilities.SafeInvoke: TestRun.RunStatsChanged: Invoking callbacks was skipped because there are no subscribers.
TpTrace Information: 0 : 20084, 11, 2024/05/02, 01:51:03.719, 16352503114425, vstest.console.dll, TestRunRequest:SendTestRunStatsChange: Completed.
TpTrace Verbose: 0 : 20084, 11, 2024/05/02, 01:51:03.719, 16352503115120, vstest.console.dll, MulticastDelegateUtilities.SafeInvoke: LengthPrefixCommunicationChannel: MessageReceived: Invoking callback 1/1 for Microsoft.VisualStudio.TestPlatform.CommunicationUtilities.TestRequestSender+<>c__DisplayClass34_0., took 39 ms.
TpTrace Verbose: 0 : 20084, 11, 2024/05/02, 01:51:03.719, 16352503116030, vstest.console.dll, TcpClientExtensions.MessageLoopAsync: Polling on remoteEndPoint: 127.0.0.1:51467 localEndPoint: 127.0.0.1:51466
TpTrace Verbose: 0 : 20084, 11, 2024/05/02, 01:51:04.732, 16352513246436, vstest.console.dll, TcpClientExtensions.MessageLoopAsync: Polling on remoteEndPoint: 127.0.0.1:51467 localEndPoint: 127.0.0.1:51466
TpTrace Verbose: 0 : 20084, 11, 2024/05/02, 01:51:05.745, 16352523371977, vstest.console.dll, TcpClientExtensions.MessageLoopAsync: Polling on remoteEndPoint: 127.0.0.1:51467 localEndPoint: 127.0.0.1:51466
TpTrace Verbose: 0 : 20084, 7, 2024/05/02, 01:51:06.011, 16352526040348, vstest.console.dll, TestHostManagerCallbacks.ctor: Experimental forwarding output is disabled.
TpTrace Warning: 0 : 20084, 7, 2024/05/02, 01:51:06.012, 16352526041843, vstest.console.dll, TestHostManagerCallbacks.ErrorReceivedCallback Test host standard error line: [1714607466.009][WARNING]: Processing messages while being disconnected
TpTrace Verbose: 0 : 20084, 11, 2024/05/02, 01:51:06.758, 16352533502801, vstest.console.dll, TcpClientExtensions.MessageLoopAsync: Polling on remoteEndPoint: 127.0.0.1:51467 localEndPoint: 127.0.0.1:51466
TpTrace Verbose: 0 : 20084, 11, 2024/05/02, 01:51:07.761, 16352543539592, vstest.console.dll, TcpClientExtensions.MessageLoopAsync: Polling on remoteEndPoint: 127.0.0.1:51467 localEndPoint: 127.0.0.1:51466
TpTrace Verbose: 0 : 20084, 11, 2024/05/02, 01:51:08.776, 16352553685430, vstest.console.dll, TcpClientExtensions.MessageLoopAsync: Polling on remoteEndPoint: 127.0.0.1:51467 localEndPoint: 127.0.0.1:51466
TpTrace Verbose: 0 : 20084, 11, 2024/05/02, 01:51:09.788, 16352563802271, vstest.console.dll, TcpClientExtensions.MessageLoopAsync: Polling on remoteEndPoint: 127.0.0.1:51467 localEndPoint: 127.0.0.1:51466
TpTrace Verbose: 0 : 20084, 11, 2024/05/02, 01:51:10.799, 16352573917951, vstest.console.dll, TcpClientExtensions.MessageLoopAsync: Polling on remoteEndPoint: 127.0.0.1:51467 localEndPoint: 127.0.0.1:51466
TpTrace Verbose: 0 : 20084, 11, 2024/05/02, 01:51:11.647, 16352582394147, vstest.console.dll, TcpClientExtensions.MessageLoopAsync: NotifyDataAvailable remoteEndPoint: 127.0.0.1:51467 localEndPoint: 127.0.0.1:51466
TpTrace Verbose: 0 : 20084, 11, 2024/05/02, 01:51:11.647, 16352582397588, vstest.console.dll, TestRequestSender.OnExecutionMessageReceived: Received message: {"Version":5,"MessageType":"TestExecution.StatsChange","Payload":{"NewTestResults":[{"TestCase":{"Id":"90e5decb-e9c4-3a41-5277-91d730d43207","FullyQualifiedName":"SmokeTestAutomation.SmokeTest.RegisterAndLogin","DisplayName":"RegisterAndLogin","ExecutorUri":"executor://NUnit3TestExecutor","Source":"C:\\Users\\DT User\\source\\repos\\SmokeTestAutomation\\SmokeTestAutomation\\bin\\Debug\\net6.0\\fine-code-coverage\\build-output\\SmokeTestAutomation.dll","CodeFilePath":null,"LineNumber":0,"Properties":[{"Key":{"Id":"NUnit.Seed","Label":"Seed","Category":"","Description":"","Attributes":0,"ValueType":"System.String"},"Value":"233466458"}]},"Attachments":[],"Outcome":2,"ErrorMessage":"OpenQA.Selenium.WebDriverException : An unknown exception was encountered sending an HTTP request to the remote WebDriver server for URL http://localhost:51469/session/9563de5203949adc9a4902308b89fc69/element/f.B2606282C8856879BFE211ACCEDF67E0.d.5014C53760D4D4D0B32BEEE8A12FAD05.e.31/value. The exception message was: An error occurred while sending the request.\r\n  ----> System.Net.Http.HttpRequestException : An error occurred while sending the request.\r\n  ----> System.IO.IOException : Unable to read data from the transport connection: An existing connection was forcibly closed by the remote host..\r\n  ----> System.Net.Sockets.SocketException : An existing connection was forcibly closed by the remote host.","ErrorStackTrace":"   at OpenQA.Selenium.Remote.HttpCommandExecutor.Execute(Command commandToExecute)\r\n   at OpenQA.Selenium.Remote.DriverServiceCommandExecutor.Execute(Command commandToExecute)\r\n   at OpenQA.Selenium.WebDriver.Execute(String driverCommandToExecute, Dictionary`2 parameters)\r\n   at OpenQA.Selenium.WebDriver.InternalExecute(String driverCommandToExecute, Dictionary`2 parameters)\r\n   at OpenQA.Selenium.WebElement.Execute(String commandToExecute, Dictionary`2 parameters)\r\n   at OpenQA.Selenium.WebElement.SendKeys(String text)\r\n   at SmokeTestAutomation.SmokeTest.RegisterNewUser() in C:\\Users\\DT User\\source\\repos\\SmokeTestAutomation\\SmokeTestAutomation\\SmokeTest.cs:line 45\r\n   at SmokeTestAutomation.SmokeTest.RegisterAndLogin() in C:\\Users\\DT User\\source\\repos\\SmokeTestAutomation\\SmokeTestAutomation\\SmokeTest.cs:line 75\r\n--HttpRequestException\r\n   at System.Net.Http.HttpConnection.SendAsyncCore(HttpRequestMessage request, Boolean async, CancellationToken cancellationToken)\r\n   at System.Net.Http.HttpConnectionPool.SendWithVersionDetectionAndRetryAsync(HttpRequestMessage request, Boolean async, Boolean doRequestAuth, CancellationToken cancellationToken)\r\n   at System.Net.Http.RedirectHandler.SendAsync(HttpRequestMessage request, Boolean async, CancellationToken cancellationToken)\r\n   at System.Net.Http.HttpClient.<SendAsync>g__Core|83_0(HttpRequestMessage request, HttpCompletionOption completionOption, CancellationTokenSource cts, Boolean disposeCts, CancellationTokenSource pendingRequestsCts, CancellationToken originalCancellationToken)\r\n   at OpenQA.Selenium.Remote.HttpCommandExecutor.MakeHttpRequest(HttpRequestInfo requestInfo)\r\n   at OpenQA.Selenium.Remote.HttpCommandExecutor.<>c__DisplayClass33_0.<<Execute>b__0>d.MoveNext()\r\n--- End of stack trace from previous location ---\r\n   at OpenQA.Selenium.Remote.HttpCommandExecutor.Execute(Command commandToExecute)\r\n--IOException\r\n   at System.Net.Sockets.Socket.AwaitableSocketAsyncEventArgs.ThrowException(SocketError error, CancellationToken cancellationToken)\r\n   at System.Net.Sockets.Socket.AwaitableSocketAsyncEventArgs.System.Threading.Tasks.Sources.IValueTaskSource<System.Int32>.GetResult(Int16 token)\r\n   at System.Net.Http.HttpConnection.SendAsyncCore(HttpRequestMessage request, Boolean async, CancellationToken cancellationToken)\r\n--SocketException\r\n\n","DisplayName":"RegisterAndLogin","Messages":[],"ComputerName":"DESKTOP-KS7C28C","Duration":"00:00:09.1064640","StartTime":"2024-05-01T23:51:02.3819561+00:00","EndTime":"2024-05-01T23:51:11.487894+00:00","Properties":[{"Key":{"Id":"NUnit.Seed","Label":"Seed","Category":"","Description":"","Attributes":0,"ValueType":"System.String"},"Value":"233466458"}]}],"TestRunStatistics":{"ExecutedTests":1,"Stats":{"Failed":1}},"ActiveTests":[{"Id":"5f30cbcb-f6b0-bfa2-a80c-c8d248f215b4","FullyQualifiedName":"SmokeTestAutomation.SmokeTest.CheckoutProcess","DisplayName":"CheckoutProcess","ExecutorUri":"executor://NUnit3TestExecutor","Source":"C:\\Users\\DT User\\source\\repos\\SmokeTestAutomation\\SmokeTestAutomation\\bin\\Debug\\net6.0\\fine-code-coverage\\build-output\\SmokeTestAutomation.dll","CodeFilePath":null,"LineNumber":0,"Properties":[{"Key":{"Id":"NUnit.Seed","Label":"Seed","Category":"","Description":"","Attributes":0,"ValueType":"System.String"},"Value":"285878986"}]}]}}
TpTrace Verbose: 0 : 20084, 11, 2024/05/02, 01:51:11.661, 16352582535969, vstest.console.dll, TestRunRequest:SendTestRunStatsChange: Starting.
TpTrace Verbose: 0 : 20084, 11, 2024/05/02, 01:51:11.661, 16352582537194, vstest.console.dll, InProgress is CheckoutProcess
TpTrace Verbose: 0 : 20084, 11, 2024/05/02, 01:51:11.662, 16352582541648, vstest.console.dll, MulticastDelegateUtilities.SafeInvoke: TestRun.RunStatsChanged: Invoking callbacks was skipped because there are no subscribers.
TpTrace Information: 0 : 20084, 11, 2024/05/02, 01:51:11.662, 16352582542423, vstest.console.dll, TestRunRequest:SendTestRunStatsChange: Completed.
TpTrace Verbose: 0 : 20084, 11, 2024/05/02, 01:51:11.662, 16352582543128, vstest.console.dll, MulticastDelegateUtilities.SafeInvoke: LengthPrefixCommunicationChannel: MessageReceived: Invoking callback 1/1 for Microsoft.VisualStudio.TestPlatform.CommunicationUtilities.TestRequestSender+<>c__DisplayClass34_0., took 14 ms.
TpTrace Verbose: 0 : 20084, 11, 2024/05/02, 01:51:11.662, 16352582544823, vstest.console.dll, TcpClientExtensions.MessageLoopAsync: Polling on remoteEndPoint: 127.0.0.1:51467 localEndPoint: 127.0.0.1:51466
TpTrace Verbose: 0 : 20084, 4, 2024/05/02, 01:51:11.670, 16352582624580, vstest.console.dll, MulticastDelegateUtilities.SafeInvoke: InternalTestLoggerEvents.SendTestResult: Invoking callback 1/1 for Microsoft.VisualStudio.TestPlatform.CommandLine.Internal.ConsoleLogger., took 8 ms.
TpTrace Verbose: 0 : 20084, 11, 2024/05/02, 01:51:12.668, 16352592607010, vstest.console.dll, TcpClientExtensions.MessageLoopAsync: Polling on remoteEndPoint: 127.0.0.1:51467 localEndPoint: 127.0.0.1:51466
TpTrace Verbose: 0 : 20084, 11, 2024/05/02, 01:51:13.680, 16352602722694, vstest.console.dll, TcpClientExtensions.MessageLoopAsync: Polling on remoteEndPoint: 127.0.0.1:51467 localEndPoint: 127.0.0.1:51466
TpTrace Verbose: 0 : 20084, 11, 2024/05/02, 01:51:14.689, 16352612813916, vstest.console.dll, TcpClientExtensions.MessageLoopAsync: Polling on remoteEndPoint: 127.0.0.1:51467 localEndPoint: 127.0.0.1:51466
TpTrace Verbose: 0 : 20084, 11, 2024/05/02, 01:51:14.945, 16352615373094, vstest.console.dll, TcpClientExtensions.MessageLoopAsync: NotifyDataAvailable remoteEndPoint: 127.0.0.1:51467 localEndPoint: 127.0.0.1:51466
TpTrace Verbose: 0 : 20084, 11, 2024/05/02, 01:51:14.945, 16352615375077, vstest.console.dll, TestRequestSender.OnExecutionMessageReceived: Received message: {"Version":5,"MessageType":"TestSession.Message","Payload":{"MessageLevel":0,"Message":"NUnit Adapter 4.5.0.0: Test execution complete"}}
TpTrace Verbose: 0 : 20084, 11, 2024/05/02, 01:51:14.945, 16352615376609, vstest.console.dll, TestRunRequest:SendTestRunMessage: Starting.
TpTrace Verbose: 0 : 20084, 11, 2024/05/02, 01:51:14.945, 16352615377747, vstest.console.dll, MulticastDelegateUtilities.SafeInvoke: TestRun.LogMessages: Invoking callback 1/1 for Microsoft.VisualStudio.TestPlatform.CommandLine.TestRunResultAggregator., took 0 ms.
TpTrace Information: 0 : 20084, 11, 2024/05/02, 01:51:14.945, 16352615378371, vstest.console.dll, TestRunRequest:SendTestRunMessage: Completed.
TpTrace Verbose: 0 : 20084, 11, 2024/05/02, 01:51:14.945, 16352615378947, vstest.console.dll, MulticastDelegateUtilities.SafeInvoke: LengthPrefixCommunicationChannel: MessageReceived: Invoking callback 1/1 for Microsoft.VisualStudio.TestPlatform.CommunicationUtilities.TestRequestSender+<>c__DisplayClass34_0., took 0 ms.
TpTrace Verbose: 0 : 20084, 11, 2024/05/02, 01:51:14.945, 16352615379532, vstest.console.dll, TcpClientExtensions.MessageLoopAsync: Polling on remoteEndPoint: 127.0.0.1:51467 localEndPoint: 127.0.0.1:51466
TpTrace Verbose: 0 : 20084, 4, 2024/05/02, 01:51:14.945, 16352615380950, vstest.console.dll, MulticastDelegateUtilities.SafeInvoke: InternalTestLoggerEvents.SendTestRunMessage: Invoking callback 1/1 for Microsoft.VisualStudio.TestPlatform.CommandLine.Internal.ConsoleLogger., took 0 ms.
TpTrace Verbose: 0 : 20084, 11, 2024/05/02, 01:51:14.967, 16352615593408, vstest.console.dll, TcpClientExtensions.MessageLoopAsync: NotifyDataAvailable remoteEndPoint: 127.0.0.1:51467 localEndPoint: 127.0.0.1:51466
TpTrace Verbose: 0 : 20084, 11, 2024/05/02, 01:51:14.967, 16352615595662, vstest.console.dll, TestRequestSender.OnExecutionMessageReceived: Received message: {"Version":5,"MessageType":"TestExecution.Completed","Payload":{"TestRunCompleteArgs":{"TestRunStatistics":{"ExecutedTests":2,"Stats":{"Failed":2}},"IsCanceled":false,"IsAborted":false,"Error":null,"AttachmentSets":[],"ElapsedTimeInRunningTests":"00:00:12.8500030","Metrics":{}},"LastRunTests":{"NewTestResults":[{"TestCase":{"Id":"5f30cbcb-f6b0-bfa2-a80c-c8d248f215b4","FullyQualifiedName":"SmokeTestAutomation.SmokeTest.CheckoutProcess","DisplayName":"CheckoutProcess","ExecutorUri":"executor://NUnit3TestExecutor","Source":"C:\\Users\\DT User\\source\\repos\\SmokeTestAutomation\\SmokeTestAutomation\\bin\\Debug\\net6.0\\fine-code-coverage\\build-output\\SmokeTestAutomation.dll","CodeFilePath":null,"LineNumber":0,"Properties":[{"Key":{"Id":"NUnit.Seed","Label":"Seed","Category":"","Description":"","Attributes":0,"ValueType":"System.String"},"Value":"285878986"}]},"Attachments":[],"Outcome":2,"ErrorMessage":"OpenQA.Selenium.NoSuchWindowException : no such window: target window already closed\r\nfrom unknown error: web view not found\r\n  (Session info: chrome=124.0.6367.91)","ErrorStackTrace":"   at OpenQA.Selenium.WebDriver.UnpackAndThrowOnError(Response errorResponse, String commandToExecute)\r\n   at OpenQA.Selenium.WebDriver.Execute(String driverCommandToExecute, Dictionary`2 parameters)\r\n   at OpenQA.Selenium.WebDriver.set_Url(String value)\r\n   at OpenQA.Selenium.Navigator.GoToUrl(String url)\r\n   at SmokeTestAutomation.SmokeTest.CheckoutProcess() in C:\\Users\\DT User\\source\\repos\\SmokeTestAutomation\\SmokeTestAutomation\\SmokeTest.cs:line 84\n","DisplayName":"CheckoutProcess","Messages":[],"ComputerName":"DESKTOP-KS7C28C","Duration":"00:00:03.4220120","StartTime":"2024-05-01T23:51:11.5104632+00:00","EndTime":"2024-05-01T23:51:14.9324802+00:00","Properties":[{"Key":{"Id":"NUnit.Seed","Label":"Seed","Category":"","Description":"","Attributes":0,"ValueType":"System.String"},"Value":"285878986"}]}],"TestRunStatistics":{"ExecutedTests":2,"Stats":{"Failed":2}},"ActiveTests":[]},"RunAttachments":[],"ExecutorUris":["executor://nunit3testexecutor/"]}}
TpTrace Verbose: 0 : 20084, 11, 2024/05/02, 01:51:14.967, 16352615597192, vstest.console.dll, TestRequestSender.EndSession: Sending end session.
TpTrace Verbose: 0 : 20084, 11, 2024/05/02, 01:51:14.967, 16352615599673, vstest.console.dll, ProxyOperationManager.Close: waiting for test host to exit for 100 ms
TpTrace Verbose: 0 : 20084, 7, 2024/05/02, 01:51:15.001, 16352615937283, vstest.console.dll, TestHostManagerCallbacks.ctor: Experimental forwarding output is disabled.
TpTrace Warning: 0 : 20084, 7, 2024/05/02, 01:51:15.001, 16352615938527, vstest.console.dll, TestHostManagerCallbacks.ErrorReceivedCallback Test host standard error line: 
TpTrace Verbose: 0 : 20084, 7, 2024/05/02, 01:51:15.016, 16352616081630, vstest.console.dll, TestHostProvider.ExitCallBack: Host exited starting callback.
TpTrace Information: 0 : 20084, 7, 2024/05/02, 01:51:15.016, 16352616084038, vstest.console.dll, TestHostManagerCallbacks.ExitCallBack: Testhost processId: 18376 exited with exitcode: 0 error: '[1714607466.009][WARNING]: Processing messages while being disconnected
'
TpTrace Verbose: 0 : 20084, 7, 2024/05/02, 01:51:15.016, 16352616084633, vstest.console.dll, DotnetTestHostManager.OnHostExited: invoking OnHostExited callback
TpTrace Verbose: 0 : 20084, 7, 2024/05/02, 01:51:15.016, 16352616085214, vstest.console.dll, CrossPlatEngine.TestHostManagerHostExited: calling on client process exit callback.
TpTrace Information: 0 : 20084, 7, 2024/05/02, 01:51:15.016, 16352616085853, vstest.console.dll, TestRequestSender.OnClientProcessExit: Test host process exited. Standard error: [1714607466.009][WARNING]: Processing messages while being disconnected

TpTrace Information: 0 : 20084, 7, 2024/05/02, 01:51:15.016, 16352616086354, vstest.console.dll, SocketServer.Stop: Stop server endPoint: 127.0.0.1:51466
TpTrace Information: 0 : 20084, 7, 2024/05/02, 01:51:15.016, 16352616086735, vstest.console.dll, SocketServer.Stop: Cancellation requested. Stopping message loop.
TpTrace Verbose: 0 : 20084, 7, 2024/05/02, 01:51:15.016, 16352616087838, vstest.console.dll, MulticastDelegateUtilities.SafeInvoke: HostProviderEvents.OnHostExited: Invoking callback 1/1 for Microsoft.VisualStudio.TestPlatform.CrossPlatEngine.Client.ProxyOperationManager., took 0 ms.
TpTrace Information: 0 : 20084, 11, 2024/05/02, 01:51:15.016, 16352616087933, vstest.console.dll, SocketServer.Stop: Stop server endPoint: 127.0.0.1:51466
TpTrace Information: 0 : 20084, 11, 2024/05/02, 01:51:15.016, 16352616089299, vstest.console.dll, SocketServer.Stop: Cancellation requested. Stopping message loop.
TpTrace Information: 0 : 20084, 11, 2024/05/02, 01:51:15.016, 16352616090218, vstest.console.dll, Closing the connection
TpTrace Verbose: 0 : 20084, 11, 2024/05/02, 01:51:15.017, 16352616094065, vstest.console.dll, ProxyDataCollectionManager.InvokeDataCollectionServiceAction: Starting.
TpTrace Information: 0 : 20084, 11, 2024/05/02, 01:51:15.017, 16352616094757, vstest.console.dll, ProxyDataCollectionManager.AfterTestRunEnd: Get attachment set and invoked data collectors processId: 10872 port: 51463
TpTrace Verbose: 0 : 20084, 11, 2024/05/02, 01:51:15.017, 16352616095326, vstest.console.dll, DataCollectionRequestSender.SendAfterTestRunStartAndGetResult: Send AfterTestRunEnd message with isCancelled: False
TpTrace Verbose: 0 : 20084, 11, 2024/05/02, 01:51:15.030, 16352616226500, vstest.console.dll, DataCollectionRequestSender.SendAfterTestRunStartAndGetResult: Received message: (DataCollection.AfterTestRunEndResult) -> {"MessageType":"DataCollection.AfterTestRunEndResult","Payload":{"AttachmentSets":[],"InvokedDataCollectors":[{"Uri":"datacollector://Microsoft/TestPlatform/Extensions/Blame/v1","FriendlyName":"Blame","AssemblyQualifiedName":"Microsoft.TestPlatform.Extensions.BlameDataCollector.BlameCollector, Microsoft.TestPlatform.Extensions.BlameDataCollector, Version=15.0.0.0, Culture=neutral, PublicKeyToken=b03f5f7f11d50a3a","FilePath":"C:\\Program Files\\dotnet\\sdk\\7.0.403\\Extensions\\Microsoft.TestPlatform.Extensions.BlameDataCollector.dll","HasAttachmentProcessor":false}],"Metrics":{}}}
TpTrace Warning: 0 : 20084, 10, 2024/05/02, 01:51:15.036, 16352616288942, vstest.console.dll, DataCollectionLauncher.ErrorReceivedCallback datacollector standard error line: 
TpTrace Information: 0 : 20084, 11, 2024/05/02, 01:51:15.040, 16352616322246, vstest.console.dll, ProxyDataCollectionManager.InvokeDataCollectionServiceAction: Completed.
TpTrace Information: 0 : 20084, 10, 2024/05/02, 01:51:15.046, 16352616390454, vstest.console.dll, DataCollectionLauncher.ExitCallBack: Data collector exited with exitcode: 0 error: ''
TpTrace Verbose: 0 : 20084, 11, 2024/05/02, 01:51:15.092, 16352616851285, vstest.console.dll, TestRunRequest:SendTestRunStatsChange: Starting.
TpTrace Verbose: 0 : 20084, 11, 2024/05/02, 01:51:15.093, 16352616852696, vstest.console.dll, MulticastDelegateUtilities.SafeInvoke: TestRun.RunStatsChanged: Invoking callbacks was skipped because there are no subscribers.
TpTrace Information: 0 : 20084, 11, 2024/05/02, 01:51:15.093, 16352616853133, vstest.console.dll, TestRunRequest:SendTestRunStatsChange: Completed.
TpTrace Verbose: 0 : 20084, 4, 2024/05/02, 01:51:15.093, 16352616856986, vstest.console.dll, MulticastDelegateUtilities.SafeInvoke: InternalTestLoggerEvents.SendTestResult: Invoking callback 1/1 for Microsoft.VisualStudio.TestPlatform.CommandLine.Internal.ConsoleLogger., took 0 ms.
TpTrace Verbose: 0 : 20084, 11, 2024/05/02, 01:51:15.094, 16352616870282, vstest.console.dll, ParallelProxyExecutionManager: HandlePartialRunComplete: Total workloads = 1, Total started clients = 1 Total completed clients = 1, Run complete = True, Run canceled: False.
TpTrace Verbose: 0 : 20084, 11, 2024/05/02, 01:51:15.095, 16352616871676, vstest.console.dll, ParallelProxyExecutionManager: HandlePartialRunComplete: All runs completed stopping all managers.
TpTrace Verbose: 0 : 20084, 11, 2024/05/02, 01:51:15.095, 16352616872295, vstest.console.dll, ParallelOperationManager.StopAllManagers: Stopping all managers.
TpTrace Verbose: 0 : 20084, 11, 2024/05/02, 01:51:15.095, 16352616872716, vstest.console.dll, ParallelOperationManager.ClearSlots: Clearing all slots. Slots should accept more work: False
TpTrace Verbose: 0 : 20084, 11, 2024/05/02, 01:51:15.095, 16352616873509, vstest.console.dll, ParallelOperationManager.SetOccupiedSlotCount: Setting slot counts AvailableSlotCount = 1, OccupiedSlotCount = 0.
TpTrace Verbose: 0 : 20084, 11, 2024/05/02, 01:51:15.095, 16352616874224, vstest.console.dll, Occupied slots:

TpTrace Verbose: 0 : 20084, 4, 2024/05/02, 01:51:15.109, 16352617018675, vstest.console.dll, MulticastDelegateUtilities.SafeInvoke: InternalTestLoggerEvents.SendTestRunComplete: Invoking callback 1/2 for Microsoft.TestPlatform.Extensions.BlameDataCollector.BlameLogger., took 0 ms.
TpTrace Verbose: 0 : 20084, 4, 2024/05/02, 01:51:15.118, 16352617103695, vstest.console.dll, MulticastDelegateUtilities.SafeInvoke: InternalTestLoggerEvents.SendTestRunComplete: Invoking callback 2/2 for Microsoft.VisualStudio.TestPlatform.CommandLine.Internal.ConsoleLogger., took 8 ms.
TpTrace Verbose: 0 : 20084, 11, 2024/05/02, 01:51:15.118, 16352617109020, vstest.console.dll, TestRunRequest:TestRunComplete: Starting. IsAborted:False IsCanceled:False.
TpTrace Verbose: 0 : 20084, 11, 2024/05/02, 01:51:15.119, 16352617111735, vstest.console.dll, ParallelOperationManager.DoActionOnAllManagers: Calling an action on all managers.
TpTrace Verbose: 0 : 20084, 11, 2024/05/02, 01:51:15.121, 16352617135974, vstest.console.dll, TestLoggerManager.HandleTestRunComplete: Ignoring as the object is disposed.
TpTrace Verbose: 0 : 20084, 11, 2024/05/02, 01:51:15.121, 16352617139114, vstest.console.dll, MulticastDelegateUtilities.SafeInvoke: TestRun.TestRunComplete: Invoking callback 1/2 for Microsoft.VisualStudio.TestPlatform.CommandLine.TestRunResultAggregator., took 0 ms.
TpTrace Verbose: 0 : 20084, 11, 2024/05/02, 01:51:15.121, 16352617140981, vstest.console.dll, MulticastDelegateUtilities.SafeInvoke: TestRun.TestRunComplete: Invoking callback 2/2 for Microsoft.VisualStudio.TestPlatform.CommandLine.Processors.RunTestsArgumentExecutor+TestRunRequestEventsRegistrar., took 0 ms.
TpTrace Information: 0 : 20084, 11, 2024/05/02, 01:51:15.122, 16352617142942, vstest.console.dll, TestRunRequest:TestRunComplete: Completed.
TpTrace Verbose: 0 : 20084, 1, 2024/05/02, 01:51:15.122, 16352617143245, vstest.console.dll, TestRunRequest.Dispose: Starting.
TpTrace Verbose: 0 : 20084, 11, 2024/05/02, 01:51:15.122, 16352617143985, vstest.console.dll, TestRequestSender.SetOperationComplete: Setting operation complete.
TpTrace Information: 0 : 20084, 1, 2024/05/02, 01:51:15.122, 16352617144761, vstest.console.dll, TestRunRequest.Dispose: Completed.
TpTrace Information: 0 : 20084, 11, 2024/05/02, 01:51:15.122, 16352617145774, vstest.console.dll, SocketServer.Stop: Stop server endPoint: 127.0.0.1:51466
TpTrace Information: 0 : 20084, 1, 2024/05/02, 01:51:15.122, 16352617145894, vstest.console.dll, TestRequestManager.RunTests: run tests completed.
TpTrace Information: 0 : 20084, 11, 2024/05/02, 01:51:15.122, 16352617146495, vstest.console.dll, SocketServer.Stop: Cancellation requested. Stopping message loop.
TpTrace Verbose: 0 : 20084, 11, 2024/05/02, 01:51:15.122, 16352617147741, vstest.console.dll, MulticastDelegateUtilities.SafeInvoke: LengthPrefixCommunicationChannel: MessageReceived: Invoking callback 1/1 for Microsoft.VisualStudio.TestPlatform.CommunicationUtilities.TestRequestSender+<>c__DisplayClass34_0., took 155 ms.
TpTrace Information: 0 : 20084, 1, 2024/05/02, 01:51:15.122, 16352617148307, vstest.console.dll, RunTestsArgumentProcessor:Execute: Test run is completed.
TpTrace Information: 0 : 20084, 11, 2024/05/02, 01:51:15.122, 16352617148397, vstest.console.dll, SocketServer.PrivateStop: Stopping server endPoint: 127.0.0.1:51466 error: 
TpTrace Verbose: 0 : 20084, 1, 2024/05/02, 01:51:15.122, 16352617150632, vstest.console.dll, Executor.Execute: Exiting with exit code of 1
TpTrace Verbose: 0 : 20084, 11, 2024/05/02, 01:51:15.123, 16352617153903, vstest.console.dll, LengthPrefixCommunicationChannel.Dispose: Dispose reader and writer.
TpTrace Information: 0 : 20084, 11, 2024/05/02, 01:51:15.123, 16352617155181, vstest.console.dll, SocketServer.Stop: Raise disconnected event endPoint: 127.0.0.1:51466 error: 
TpTrace Verbose: 0 : 20084, 11, 2024/05/02, 01:51:15.123, 16352617156449, vstest.console.dll, TestRequestSender: OnTestRunAbort: Operation is already complete. Skip error message.
TpTrace Verbose: 0 : 20084, 11, 2024/05/02, 01:51:15.123, 16352617157308, vstest.console.dll, MulticastDelegateUtilities.SafeInvoke: SocketServer: ClientDisconnected: Invoking callback 1/1 for Microsoft.VisualStudio.TestPlatform.CommunicationUtilities.TestRequestSender., took 0 ms.
TpTrace Verbose: 0 : 20084, 11, 2024/05/02, 01:51:15.123, 16352617158018, vstest.console.dll, TcpClientExtensions.MessageLoopAsync: exiting MessageLoopAsync remoteEndPoint: 127.0.0.1:51467 localEndPoint: 127.0.0.1:51466
